<?xml version="1.0" encoding="UTF-8" ?>
<testsuite tests="317" failures="0" name="TestSuite" time="7.939" errors="0" skipped="0">
  <properties>
    <property name="java.runtime.name" value="OpenJDK Runtime Environment"/>
    <property name="java.vm.version" value="11.0.2+9"/>
    <property name="sun.boot.library.path" value="C:\Program Files\java\jdk-11.0.2\bin"/>
    <property name="maven.multiModuleProjectDirectory" value="C:\Users\Usha.r\ExtentReport\Extent-warning"/>
    <property name="java.vm.vendor" value="Oracle Corporation"/>
    <property name="java.vendor.url" value="http://java.oracle.com/"/>
    <property name="guice.disable.misplaced.annotation.check" value="true"/>
    <property name="path.separator" value=";"/>
    <property name="java.vm.name" value="OpenJDK 64-Bit Server VM"/>
    <property name="sun.os.patch.level" value=""/>
    <property name="user.script" value=""/>
    <property name="user.country" value="IN"/>
    <property name="sun.java.launcher" value="SUN_STANDARD"/>
    <property name="java.vm.specification.name" value="Java Virtual Machine Specification"/>
    <property name="user.dir" value="C:\Users\Usha.r\ExtentReport\Extent-warning"/>
    <property name="java.vm.compressedOopsMode" value="Zero based"/>
    <property name="java.runtime.version" value="11.0.2+9"/>
    <property name="java.awt.graphicsenv" value="sun.awt.Win32GraphicsEnvironment"/>
    <property name="os.arch" value="amd64"/>
    <property name="java.io.tmpdir" value="C:\Users\Usha.r\AppData\Local\Temp\"/>
    <property name="line.separator" value="
"/>
    <property name="java.vm.specification.vendor" value="Oracle Corporation"/>
    <property name="user.variant" value=""/>
    <property name="os.name" value="Windows 10"/>
    <property name="classworlds.conf" value="C:\Users\Usha.r\Downloads\apache-maven-3.8.7-bin\apache-maven-3.8.7\bin\m2.conf"/>
    <property name="sun.jnu.encoding" value="Cp1252"/>
    <property name="java.library.path" value="C:\Program Files\java\jdk-11.0.2\bin;C:\WINDOWS\Sun\Java\bin;C:\WINDOWS\system32;C:\WINDOWS;C:\WINDOWS\system32;C:\WINDOWS;C:\WINDOWS\System32\Wbem;C:\WINDOWS\System32\WindowsPowerShell\v1.0\;C:\WINDOWS\System32\OpenSSH\;C:\Program Files\java\jdk-11.0.2\bin;C:\Users\Usha.r\Downloads\mongosh-1.6.0-win32-x64\mongosh-1.6.0-win32-x64\bin;C:\Program Files\MongoDB\Server\6.0\bin;C:\Program Files\nodejs\node_modules\npm\bin;C:\Users\Usha.r\Downloads\apache-maven-3.8.7-bin\apache-maven-3.8.7\bin;C:\Users\Usha.r\AppData\Local\Programs\Python\Python311\Scripts;C:\Users\Usha.r\AppData\Local\Programs\Python\Python311;C:\Users\Usha.r\AppData\Local\Programs\Python;C:\Users\Usha.r\AppData\Local\pip;C:\Users\Usha.r\AppData\Local\Programs\Python\Python311\Lib\site-packages\pip;C:\Users\Usha.r\AppData\Roaming\Microsoft\Windows\Start Menu\Programs\Python 3.11;C:\Users\Usha.r\Downloads\chromedriver_win32;C:\Users\Usha.r\Downloads;C:\Users\Usha.r\AppData\Local\Android\Sdk;C:\Users\Usha.r\AppData\Local\Android\Sdk\platform-tools;C:\Users\Usha.r\AppData\Local\Android\Sdk\platforms;C:\Users\Usha.r\AppData\Roaming\npm;C:\Program Files\nodejs\;C:\Program Files\Git\cmd;C:\Users\Usha.r\AppData\Local\Programs\Python\Python311\Scripts\;C:\Program Files\MySQL\MySQL Shell 8.0\bin\;C:\Users\Usha.r\AppData\Local\Microsoft\WindowsApps;C:\Users\Usha.r\Downloads\mongosh-1.6.0-win32-x64\mongosh-1.6.0-win32-x64\bin;C:\Program Files\MongoDB\Server\6.0\bin;C:\Users\Usha.r\AppData\Local\Programs\Microsoft VS Code\bin;C:\Users\Usha.r\AppData\Roaming\npm;C:\Program Files\nodejs\node_modules\npm\bin;C:\Users\Usha.r\AppData\Local\Programs\Python\Python311;C:\Users\Usha.r\AppData\Local\Programs\Python;C:\Users\Usha.r\AppData\Local\pip;C:\Users\Usha.r\AppData\Local\Programs\Python\Python311\Lib\site-packages\pip;C:\Users\Usha.r\AppData\Roaming\Microsoft\Windows\Start Menu\Programs\Python 3.11;C:\Program Files\JetBrains\PyCharm Community Edition 2022.3.1\bin;;C:\Users\Usha.r\Downloads\chromedriver_win32;C:\Users\Usha.r\AppData\Local\Android\Sdk;C:\Users\Usha.r\AppData\Local\Android\Sdk\platform-tools;C:\Users\Usha.r\AppData\Local\Android\Sdk\platforms;C:\Users\Usha.r\AppData\Roaming\gnupg;&apos;C:\\Users\\Usha.r\\AppData\\Roaming\\gnupg\\openpgp-revocs.d\\AF1DCE9D78C947739B51B839326758E96498BF27.rev&apos;;C:\Users\Usha.r\AppData\Local\Android\Sdk;C:\Program Files\Java\jdk-11.0.2;C:\Users\Usha.r\.m2\wrapper\dists\apache-maven-3.8.6-bin\1ks0nkde5v1pk9vtc31i9d0lcd\apache-maven-3.8.6\conf;C:\Users\Usha.r\AppData\Local\Programs\Gpg4win\..\GnuPG\bin;."/>
    <property name="maven.conf" value="C:\Users\Usha.r\Downloads\apache-maven-3.8.7-bin\apache-maven-3.8.7/conf"/>
    <property name="jdk.debug" value="release"/>
    <property name="java.class.version" value="55.0"/>
    <property name="java.specification.name" value="Java Platform API Specification"/>
    <property name="sun.management.compiler" value="HotSpot 64-Bit Tiered Compilers"/>
    <property name="os.version" value="10.0"/>
    <property name="library.jansi.path" value="C:\Users\Usha.r\Downloads\apache-maven-3.8.7-bin\apache-maven-3.8.7\lib\jansi-native"/>
    <property name="user.home" value="C:\Users\Usha.r"/>
    <property name="user.timezone" value="Asia/Calcutta"/>
    <property name="java.awt.printerjob" value="sun.awt.windows.WPrinterJob"/>
    <property name="file.encoding" value="Cp1252"/>
    <property name="java.specification.version" value="11"/>
    <property name="user.name" value="Usha.r"/>
    <property name="java.class.path" value="C:\Users\Usha.r\Downloads\apache-maven-3.8.7-bin\apache-maven-3.8.7\boot\plexus-classworlds-2.6.0.jar"/>
    <property name="java.vm.specification.version" value="11"/>
    <property name="sun.arch.data.model" value="64"/>
    <property name="sun.java.command" value="org.codehaus.plexus.classworlds.launcher.Launcher deploy"/>
    <property name="java.home" value="C:\Program Files\java\jdk-11.0.2"/>
    <property name="user.language" value="en"/>
    <property name="java.specification.vendor" value="Oracle Corporation"/>
    <property name="awt.toolkit" value="sun.awt.windows.WToolkit"/>
    <property name="java.vm.info" value="mixed mode"/>
    <property name="java.version" value="11.0.2"/>
    <property name="java.vendor" value="Oracle Corporation"/>
    <property name="sun.stderr.encoding" value="cp437"/>
    <property name="maven.home" value="C:\Users\Usha.r\Downloads\apache-maven-3.8.7-bin\apache-maven-3.8.7"/>
    <property name="file.separator" value="\"/>
    <property name="java.version.date" value="2019-01-15"/>
    <property name="java.vendor.url.bug" value="http://bugreport.java.com/bugreport/"/>
    <property name="sun.io.unicode.encoding" value="UnicodeLittle"/>
    <property name="sun.cpu.endian" value="little"/>
    <property name="java.vendor.version" value="18.9"/>
    <property name="sun.stdout.encoding" value="cp437"/>
    <property name="sun.desktop" value="windows"/>
    <property name="sun.cpu.isalist" value="amd64"/>
  </properties>
  <testcase classname="io.github.happyusha.AppenderTest" name="children" time="0.288"/>
  <testcase classname="io.github.happyusha.AppenderTest" name="testWithChildren" time="0.02"/>
  <testcase classname="io.github.happyusha.AppenderTest" name="testWithLogs" time="0.017"/>
  <testcase classname="io.github.happyusha.AppenderTest" name="testWithMedia" time="0.036"/>
  <testcase classname="io.github.happyusha.AppenderTest" name="testWithMediaBase64" time="0.011"/>
  <testcase classname="io.github.happyusha.BddTypeTest" name="andIsOfBddTypeWithBddChild" time="0.006"/>
  <testcase classname="io.github.happyusha.BddTypeTest" name="asteriskIsOfBddTypeWithBddChild" time="0.003"/>
  <testcase classname="io.github.happyusha.BddTypeTest" name="backgroundIsOfBddTypeWithBddChild" time="0.003"/>
  <testcase classname="io.github.happyusha.BddTypeTest" name="butIsOfBddTypeWithBddChild" time="0.003"/>
  <testcase classname="io.github.happyusha.BddTypeTest" name="featureIsOfBddType" time="0.001"/>
  <testcase classname="io.github.happyusha.BddTypeTest" name="givenIsOfBddTypeWithBddChild" time="0.003"/>
  <testcase classname="io.github.happyusha.BddTypeTest" name="scenarioIsOfBddTypeWithBddChild" time="0"/>
  <testcase classname="io.github.happyusha.BddTypeTest" name="scenarioOutlineIsOfBddTypeWithBddChild" time="0"/>
  <testcase classname="io.github.happyusha.BddTypeTest" name="thenIsOfBddTypeWithBddChild" time="0.003"/>
  <testcase classname="io.github.happyusha.BddTypeTest" name="whenIsOfBddTypeWithBddChild" time="0.003"/>
  <testcase classname="io.github.happyusha.config.ConfigStoreTest" name="configEmpty" time="0"/>
  <testcase classname="io.github.happyusha.config.ConfigStoreTest" name="configValueTest" time="0"/>
  <testcase classname="io.github.happyusha.config.ConfigStoreTest" name="containsConfig" time="0"/>
  <testcase classname="io.github.happyusha.config.ConfigStoreTest" name="duplicateConfig" time="0"/>
  <testcase classname="io.github.happyusha.config.ConfigStoreTest" name="extendConfigWithMap" time="0.001"/>
  <testcase classname="io.github.happyusha.config.ConfigStoreTest" name="extendConfigWithStore" time="0"/>
  <testcase classname="io.github.happyusha.config.ConfigStoreTest" name="removeConfig" time="0"/>
  <testcase classname="io.github.happyusha.config.external.JsonConfigLoaderTest" name="jsonConfigLowerCaseEnumTest" time="0.044"/>
  <testcase classname="io.github.happyusha.config.external.JsonConfigLoaderTest" name="jsonConfigTest" time="0.004"/>
  <testcase classname="io.github.happyusha.config.external.XmlConfigLoaderTest" name="xmlConfigLowerCaseEnumTest" time="0.099"/>
  <testcase classname="io.github.happyusha.config.external.XmlConfigLoaderTest" name="xmlConfigTest" time="0.005"/>
  <testcase classname="io.github.happyusha.entity.AuthorEntityTest" name="authorName" time="0"/>
  <testcase classname="io.github.happyusha.entity.CategoryEntityTest" name="tagName" time="0.001"/>
  <testcase classname="io.github.happyusha.entity.DeviceEntityTest" name="deviceName" time="0"/>
  <testcase classname="io.github.happyusha.entity.LogEntityTest" name="addMediaDefault" time="0"/>
  <testcase classname="io.github.happyusha.entity.LogEntityTest" name="addMediaWithPathToLog" time="0.001"/>
  <testcase classname="io.github.happyusha.entity.LogEntityTest" name="addMediaWithResolvedPathToLog" time="0.001"/>
  <testcase classname="io.github.happyusha.entity.LogEntityTest" name="changedStatus" time="0"/>
  <testcase classname="io.github.happyusha.entity.LogEntityTest" name="defaultStatusBuilder" time="0"/>
  <testcase classname="io.github.happyusha.entity.LogEntityTest" name="detailsNullOnInit" time="0"/>
  <testcase classname="io.github.happyusha.entity.LogEntityTest" name="exceptionsEmptyOnInit" time="0"/>
  <testcase classname="io.github.happyusha.entity.LogEntityTest" name="mediaEmptyOnInit" time="0"/>
  <testcase classname="io.github.happyusha.entity.LogEntityTest" name="seqNegOnInit" time="0"/>
  <testcase classname="io.github.happyusha.entity.LogEntityTest" name="timestampNonNullOnInit" time="0"/>
  <testcase classname="io.github.happyusha.entity.ReportEntityTest" name="authorCtx" time="0.014"/>
  <testcase classname="io.github.happyusha.entity.ReportEntityTest" name="categoryCtx" time="0.006"/>
  <testcase classname="io.github.happyusha.entity.ReportEntityTest" name="deviceCtx" time="0.004"/>
  <testcase classname="io.github.happyusha.entity.ReportEntityTest" name="exceptionContext" time="0.016"/>
  <testcase classname="io.github.happyusha.entity.ReportEntityTest" name="reportIsBDD" time="0.006"/>
  <testcase classname="io.github.happyusha.entity.ReportEntityTest" name="reportTestHasStatus" time="0.001"/>
  <testcase classname="io.github.happyusha.entity.ReportEntityTest" name="reportTestListSize" time="0"/>
  <testcase classname="io.github.happyusha.entity.ReportEntityTest" name="startAndEndTimesNonNullAtInit" time="0"/>
  <testcase classname="io.github.happyusha.entity.ReportEntityTest" name="startIsPassOnInit" time="0.002"/>
  <testcase classname="io.github.happyusha.entity.ReportEntityTest" name="statsNonNullAtInit" time="0.001"/>
  <testcase classname="io.github.happyusha.entity.ReportEntityTest" name="testRunnerLogs" time="0.001"/>
  <testcase classname="io.github.happyusha.entity.ReportEntityTest" name="testsEmptyOnInit" time="0.001"/>
  <testcase classname="io.github.happyusha.entity.ReportEntityTest" name="timeTaken" time="0"/>
  <testcase classname="io.github.happyusha.entity.ReportStatsConcurrentTest" name="concurrentAddModifyUpdateFlush" time="0.063"/>
  <testcase classname="io.github.happyusha.entity.ReportStatsConcurrentTest" name="concurrentAddRemoveUpdateFlush" time="0.02"/>
  <testcase classname="io.github.happyusha.entity.ReportStatsConcurrentTest" name="concurrentAddUpdateFlush" time="0.024"/>
  <testcase classname="io.github.happyusha.entity.ReportStatsTest" name="allLevelMapsNonNull" time="0"/>
  <testcase classname="io.github.happyusha.entity.ReportStatsTest" name="analysisStrategyDefault" time="0"/>
  <testcase classname="io.github.happyusha.entity.ReportStatsTest" name="statsAll" time="0.002"/>
  <testcase classname="io.github.happyusha.entity.ReportStatsTest" name="statsChildStatus" time="0.001"/>
  <testcase classname="io.github.happyusha.entity.ReportStatsTest" name="statsGrandchildStatus" time="0.001"/>
  <testcase classname="io.github.happyusha.entity.ReportStatsTest" name="statsSize" time="0.001"/>
  <testcase classname="io.github.happyusha.entity.ReportStatsTest" name="statsTestStatus" time="0"/>
  <testcase classname="io.github.happyusha.entity.ScreenCaptureTest" name="initWithAllEntitiesNull" time="0"/>
  <testcase classname="io.github.happyusha.entity.service.ExceptionInfoServiceTest" name="exceptionInfo" time="0.002"/>
  <testcase classname="io.github.happyusha.entity.service.TestServiceTest" name="deleteNode" time="0.001"/>
  <testcase classname="io.github.happyusha.entity.service.TestServiceTest" name="deleteTest" time="0"/>
  <testcase classname="io.github.happyusha.entity.service.TestServiceTest" name="testHasScreenCaptureDeepLog" time="0"/>
  <testcase classname="io.github.happyusha.entity.service.TestServiceTest" name="testHasScreenCaptureDeepNode" time="0.002"/>
  <testcase classname="io.github.happyusha.entity.service.TestServiceTest" name="testHasScreenCaptureDeepNodeLog" time="0"/>
  <testcase classname="io.github.happyusha.entity.service.TestServiceTest" name="testWithBddType" time="0"/>
  <testcase classname="io.github.happyusha.entity.service.TestServiceTest" name="testWithBddTypeGherkinKeyword" time="0.036"/>
  <testcase classname="io.github.happyusha.entity.service.TestServiceTest" name="testWithDescription" time="0"/>
  <testcase classname="io.github.happyusha.entity.service.TestServiceTest" name="testWithEmptyDescription" time="0.001"/>
  <testcase classname="io.github.happyusha.entity.service.TestServiceTest" name="testWithEmptyName" time="0.001"/>
  <testcase classname="io.github.happyusha.entity.service.TestServiceTest" name="testWithEmptyName2" time="0"/>
  <testcase classname="io.github.happyusha.entity.service.TestServiceTest" name="testWithNullBddType" time="0"/>
  <testcase classname="io.github.happyusha.entity.service.TestServiceTest" name="testWithNullDescription" time="0"/>
  <testcase classname="io.github.happyusha.entity.service.TestServiceTest" name="testWithNullName" time="0.001"/>
  <testcase classname="io.github.happyusha.entity.service.TestServiceTest" name="testWithNullName2" time="0"/>
  <testcase classname="io.github.happyusha.entity.StatusEntityTest" name="statusHierarchy" time="0.001"/>
  <testcase classname="io.github.happyusha.entity.StatusEntityTest" name="statusMax" time="0.001"/>
  <testcase classname="io.github.happyusha.entity.StatusEntityTest" name="statusMin" time="0.002"/>
  <testcase classname="io.github.happyusha.entity.TestEntityInitTest" name="authorsEmptyOnInit" time="0"/>
  <testcase classname="io.github.happyusha.entity.TestEntityInitTest" name="childrenEmptyOnInit" time="0"/>
  <testcase classname="io.github.happyusha.entity.TestEntityInitTest" name="descriptionNullOnInit" time="0"/>
  <testcase classname="io.github.happyusha.entity.TestEntityInitTest" name="devicesEmptyOnInit" time="0"/>
  <testcase classname="io.github.happyusha.entity.TestEntityInitTest" name="levelIs0OnInit" time="0"/>
  <testcase classname="io.github.happyusha.entity.TestEntityInitTest" name="logsEmptyOnInit" time="0"/>
  <testcase classname="io.github.happyusha.entity.TestEntityInitTest" name="parentNullOnInit" time="0"/>
  <testcase classname="io.github.happyusha.entity.TestEntityInitTest" name="startAndEndTimesNonNullAtInit" time="0"/>
  <testcase classname="io.github.happyusha.entity.TestEntityInitTest" name="startIsPassOnInit" time="0"/>
  <testcase classname="io.github.happyusha.entity.TestEntityInitTest" name="tagEmptyOnInit" time="0"/>
  <testcase classname="io.github.happyusha.entity.TestEntityInitTest" name="testId1OrGreaterOnInit" time="0"/>
  <testcase classname="io.github.happyusha.entity.TestEntityInitTest" name="testIsLeafOnInit" time="0"/>
  <testcase classname="io.github.happyusha.entity.TestEntityTest" name="addChildToNullTest" time="0.002"/>
  <testcase classname="io.github.happyusha.entity.TestEntityTest" name="addChildToTest" time="0.001"/>
  <testcase classname="io.github.happyusha.entity.TestEntityTest" name="addChildToTestLeaf" time="0"/>
  <testcase classname="io.github.happyusha.entity.TestEntityTest" name="addChildToTestLevel" time="0"/>
  <testcase classname="io.github.happyusha.entity.TestEntityTest" name="addFailLogToTest" time="0.001"/>
  <testcase classname="io.github.happyusha.entity.TestEntityTest" name="addLogToTest" time="0"/>
  <testcase classname="io.github.happyusha.entity.TestEntityTest" name="addNullLogToTest" time="0"/>
  <testcase classname="io.github.happyusha.entity.TestEntityTest" name="addSkipLogToTest" time="0"/>
  <testcase classname="io.github.happyusha.entity.TestEntityTest" name="ancestor" time="0.001"/>
  <testcase classname="io.github.happyusha.entity.TestEntityTest" name="computeTestStatusNoLog" time="0"/>
  <testcase classname="io.github.happyusha.entity.TestEntityTest" name="computeTestStatusNode" time="0"/>
  <testcase classname="io.github.happyusha.entity.TestEntityTest" name="computeTestStatusSkipAndFailLog" time="0.001"/>
  <testcase classname="io.github.happyusha.entity.TestEntityTest" name="computeTestStatusSkipLog" time="0.002"/>
  <testcase classname="io.github.happyusha.entity.TestEntityTest" name="generatedLog" time="0"/>
  <testcase classname="io.github.happyusha.entity.TestEntityTest" name="hasAttributes" time="0"/>
  <testcase classname="io.github.happyusha.entity.TestEntityTest" name="hasAuthor" time="0"/>
  <testcase classname="io.github.happyusha.entity.TestEntityTest" name="hasCategory" time="0"/>
  <testcase classname="io.github.happyusha.entity.TestEntityTest" name="hasDevice" time="0"/>
  <testcase classname="io.github.happyusha.entity.TestEntityTest" name="hasScreenCapture" time="0.001"/>
  <testcase classname="io.github.happyusha.entity.TestEntityTest" name="isTestBDD" time="0"/>
  <testcase classname="io.github.happyusha.entity.TestEntityTest" name="logSeqIncrements" time="0"/>
  <testcase classname="io.github.happyusha.entity.TestEntityTest" name="testEntities" time="0"/>
  <testcase classname="io.github.happyusha.entity.TestEntityTest" name="testFullName" time="0"/>
  <testcase classname="io.github.happyusha.entity.TestEntityTest" name="testHasAngLogWithGeneratedLog" time="0"/>
  <testcase classname="io.github.happyusha.entity.TestEntityTest" name="testHasAngLogWithLog" time="0"/>
  <testcase classname="io.github.happyusha.entity.TestEntityTest" name="testHasAngLogWithNoLogs" time="0"/>
  <testcase classname="io.github.happyusha.entity.TestEntityTest" name="testHasChildren" time="0"/>
  <testcase classname="io.github.happyusha.entity.TestEntityTest" name="testHasLog" time="0"/>
  <testcase classname="io.github.happyusha.entity.TestEntityTest" name="testStatusWithLog" time="0"/>
  <testcase classname="io.github.happyusha.entity.TestEntityTest" name="testStatusWithLogStatusChanged" time="0"/>
  <testcase classname="io.github.happyusha.entity.TestEntityTest" name="testStatusWithoutLog" time="0"/>
  <testcase classname="io.github.happyusha.entity.TestEntityTest" name="timeTaken" time="0"/>
  <testcase classname="io.github.happyusha.entity.TestEntityTest" name="timeTakenPretty" time="0"/>
  <testcase classname="io.github.happyusha.entity.TestEntityTest" name="timeTakenPrettyWithLog" time="0.017"/>
  <testcase classname="io.github.happyusha.ExtentReportsRemoveTest" name="removeNode" time="0.001"/>
  <testcase classname="io.github.happyusha.ExtentReportsRemoveTest" name="removeNodeByName" time="0"/>
  <testcase classname="io.github.happyusha.ExtentReportsRemoveTest" name="removeTest" time="0.001"/>
  <testcase classname="io.github.happyusha.ExtentReportsRemoveTest" name="removeTestByName" time="0"/>
  <testcase classname="io.github.happyusha.ExtentReportsRemoveTest" name="removeTestWithTag" time="0"/>
  <testcase classname="io.github.happyusha.ExtentReportsSystemEnvTest" name="emptySystemInfo" time="0.007"/>
  <testcase classname="io.github.happyusha.ExtentReportsSystemEnvTest" name="nullSystemInfo" time="0"/>
  <testcase classname="io.github.happyusha.ExtentReportsSystemEnvTest" name="systemInfo" time="0"/>
  <testcase classname="io.github.happyusha.ExtentReportsTest" name="addTestRunnerOutputList" time="0.002"/>
  <testcase classname="io.github.happyusha.ExtentReportsTest" name="addTestRunnerOutputSingle" time="0.003"/>
  <testcase classname="io.github.happyusha.ExtentReportsTest" name="createTestOverloadKeywordName" time="0"/>
  <testcase classname="io.github.happyusha.ExtentReportsTest" name="createTestOverloadKeywordNameDesc" time="0"/>
  <testcase classname="io.github.happyusha.ExtentReportsTest" name="createTestOverloadName" time="0"/>
  <testcase classname="io.github.happyusha.ExtentReportsTest" name="createTestOverloadNameDesc" time="0"/>
  <testcase classname="io.github.happyusha.ExtentReportsTest" name="createTestOverloadTypeName" time="0"/>
  <testcase classname="io.github.happyusha.ExtentReportsTest" name="createTestOverloadTypeNameDesc" time="0"/>
  <testcase classname="io.github.happyusha.ExtentReportsTest" name="gherkinDialect" time="0"/>
  <testcase classname="io.github.happyusha.ExtentReportsTest" name="keepLastRetryOnlyTestDisabled" time="0"/>
  <testcase classname="io.github.happyusha.ExtentReportsTest" name="keepLastRetryOnlyTestEnabled" time="0"/>
  <testcase classname="io.github.happyusha.ExtentTestAttributesHierarchyTest" name="checkTagHierarchy" time="0"/>
  <testcase classname="io.github.happyusha.ExtentTestAttributesTest" name="extentTestWithAuthor" time="0"/>
  <testcase classname="io.github.happyusha.ExtentTestAttributesTest" name="extentTestWithCategory" time="0"/>
  <testcase classname="io.github.happyusha.ExtentTestAttributesTest" name="extentTestWithDevice" time="0"/>
  <testcase classname="io.github.happyusha.ExtentTestAttributesTest" name="extentTestWithNoAuthor" time="0"/>
  <testcase classname="io.github.happyusha.ExtentTestAttributesTest" name="extentTestWithNoCategory" time="0"/>
  <testcase classname="io.github.happyusha.ExtentTestAttributesTest" name="extentTestWithNoDevice" time="0"/>
  <testcase classname="io.github.happyusha.ExtentTestGeneratedLogTest" name="generatedLogDetails" time="0"/>
  <testcase classname="io.github.happyusha.ExtentTestGeneratedLogTest" name="generatedLogEmpty" time="0"/>
  <testcase classname="io.github.happyusha.ExtentTestGeneratedLogTest" name="generatedLogMarkup" time="0.351"/>
  <testcase classname="io.github.happyusha.ExtentTestInvalidArgTest" name="extentTestWithEmptyName" time="0.001"/>
  <testcase classname="io.github.happyusha.ExtentTestInvalidArgTest" name="extentTestWithNullName" time="0.001"/>
  <testcase classname="io.github.happyusha.ExtentTestLogHierarchyTest" name="info" time="0.001"/>
  <testcase classname="io.github.happyusha.ExtentTestLogHierarchyTest" name="overall" time="0.002"/>
  <testcase classname="io.github.happyusha.ExtentTestLogHierarchyTest" name="passed" time="0.001"/>
  <testcase classname="io.github.happyusha.ExtentTestLogHierarchyTest" name="skipped" time="0.001"/>
  <testcase classname="io.github.happyusha.ExtentTestLogHierarchyTest" name="warning" time="0"/>
  <testcase classname="io.github.happyusha.ExtentTestLogTest" name="failDetails" time="0"/>
  <testcase classname="io.github.happyusha.ExtentTestLogTest" name="failMarkup" time="0.002"/>
  <testcase classname="io.github.happyusha.ExtentTestLogTest" name="failMedia" time="0"/>
  <testcase classname="io.github.happyusha.ExtentTestLogTest" name="failThrowable" time="0.001"/>
  <testcase classname="io.github.happyusha.ExtentTestLogTest" name="failThrowableMedia" time="0.002"/>
  <testcase classname="io.github.happyusha.ExtentTestLogTest" name="infoDetails" time="0"/>
  <testcase classname="io.github.happyusha.ExtentTestLogTest" name="infoMarkup" time="0"/>
  <testcase classname="io.github.happyusha.ExtentTestLogTest" name="infoMedia" time="0"/>
  <testcase classname="io.github.happyusha.ExtentTestLogTest" name="infoThrowable" time="0.001"/>
  <testcase classname="io.github.happyusha.ExtentTestLogTest" name="infoThrowableMedia" time="0.001"/>
  <testcase classname="io.github.happyusha.ExtentTestLogTest" name="logDetails" time="0.001"/>
  <testcase classname="io.github.happyusha.ExtentTestLogTest" name="logDetailsMedia" time="0"/>
  <testcase classname="io.github.happyusha.ExtentTestLogTest" name="logMarkup" time="0"/>
  <testcase classname="io.github.happyusha.ExtentTestLogTest" name="logMedia" time="0"/>
  <testcase classname="io.github.happyusha.ExtentTestLogTest" name="logThrowable" time="0"/>
  <testcase classname="io.github.happyusha.ExtentTestLogTest" name="logThrowableMedia" time="0"/>
  <testcase classname="io.github.happyusha.ExtentTestLogTest" name="logWithStatusNull" time="0"/>
  <testcase classname="io.github.happyusha.ExtentTestLogTest" name="passDetails" time="0"/>
  <testcase classname="io.github.happyusha.ExtentTestLogTest" name="passMarkup" time="0"/>
  <testcase classname="io.github.happyusha.ExtentTestLogTest" name="passMedia" time="0"/>
  <testcase classname="io.github.happyusha.ExtentTestLogTest" name="passThrowable" time="0.001"/>
  <testcase classname="io.github.happyusha.ExtentTestLogTest" name="passThrowableMedia" time="0.002"/>
  <testcase classname="io.github.happyusha.ExtentTestLogTest" name="skipDetails" time="0"/>
  <testcase classname="io.github.happyusha.ExtentTestLogTest" name="skipMarkup" time="0.001"/>
  <testcase classname="io.github.happyusha.ExtentTestLogTest" name="skipMedia" time="0.001"/>
  <testcase classname="io.github.happyusha.ExtentTestLogTest" name="skipThrowable" time="0.002"/>
  <testcase classname="io.github.happyusha.ExtentTestLogTest" name="skipThrowableMedia" time="0.001"/>
  <testcase classname="io.github.happyusha.ExtentTestLogTest" name="warnDetails" time="0.001"/>
  <testcase classname="io.github.happyusha.ExtentTestLogTest" name="warnMarkup" time="0.001"/>
  <testcase classname="io.github.happyusha.ExtentTestLogTest" name="warnMedia" time="0.001"/>
  <testcase classname="io.github.happyusha.ExtentTestLogTest" name="warnThrowable" time="0.001"/>
  <testcase classname="io.github.happyusha.ExtentTestLogTest" name="warnThrowableMedia" time="0.001"/>
  <testcase classname="io.github.happyusha.ExtentTestMediaTest" name="addScreenCaptureEmptyPathTestLog" time="0"/>
  <testcase classname="io.github.happyusha.ExtentTestMediaTest" name="addScreenCaptureFromBase64Node" time="0"/>
  <testcase classname="io.github.happyusha.ExtentTestMediaTest" name="addScreenCaptureFromBase64NodeLog" time="0"/>
  <testcase classname="io.github.happyusha.ExtentTestMediaTest" name="addScreenCaptureFromBase64NodeLogOverloads" time="0"/>
  <testcase classname="io.github.happyusha.ExtentTestMediaTest" name="addScreenCaptureFromBase64NodeOverloads" time="0"/>
  <testcase classname="io.github.happyusha.ExtentTestMediaTest" name="addScreenCaptureFromBase64Test" time="0"/>
  <testcase classname="io.github.happyusha.ExtentTestMediaTest" name="addScreenCaptureFromBase64TestLog" time="0"/>
  <testcase classname="io.github.happyusha.ExtentTestMediaTest" name="addScreenCaptureFromEmptyBase64Test" time="0.001"/>
  <testcase classname="io.github.happyusha.ExtentTestMediaTest" name="addScreenCaptureFromEmptyPathTest" time="0.001"/>
  <testcase classname="io.github.happyusha.ExtentTestMediaTest" name="addScreenCaptureFromNullBase64Test" time="0.001"/>
  <testcase classname="io.github.happyusha.ExtentTestMediaTest" name="addScreenCaptureFromNullPathTest" time="0.001"/>
  <testcase classname="io.github.happyusha.ExtentTestMediaTest" name="addScreenCaptureFromPathNode" time="0.001"/>
  <testcase classname="io.github.happyusha.ExtentTestMediaTest" name="addScreenCaptureFromPathNodeLog" time="0"/>
  <testcase classname="io.github.happyusha.ExtentTestMediaTest" name="addScreenCaptureFromPathTest" time="0"/>
  <testcase classname="io.github.happyusha.ExtentTestMediaTest" name="addScreenCaptureFromPathTestLog" time="0"/>
  <testcase classname="io.github.happyusha.ExtentTestMediaTest" name="addScreenCaptureFromPathTestLogOverloads" time="0.001"/>
  <testcase classname="io.github.happyusha.ExtentTestMediaTest" name="addScreenCaptureFromPathTestOverloads" time="0"/>
  <testcase classname="io.github.happyusha.ExtentTestMediaTest" name="addScreenCaptureNullPathTestLog" time="0"/>
  <testcase classname="io.github.happyusha.ExtentTestNodeTest" name="createNodeOverloadKeywordName" time="0"/>
  <testcase classname="io.github.happyusha.ExtentTestNodeTest" name="createNodeOverloadKeywordNameDesc" time="0.001"/>
  <testcase classname="io.github.happyusha.ExtentTestNodeTest" name="createNodeOverloadName" time="0"/>
  <testcase classname="io.github.happyusha.ExtentTestNodeTest" name="createNodeOverloadNameDesc" time="0"/>
  <testcase classname="io.github.happyusha.ExtentTestNodeTest" name="createNodeOverloadTypeName" time="0.001"/>
  <testcase classname="io.github.happyusha.ExtentTestNodeTest" name="createNodeOverloadTypeNameDesc" time="0"/>
  <testcase classname="io.github.happyusha.ExtentTestNodeTest" name="timeCalcNodes" time="0.114"/>
  <testcase classname="io.github.happyusha.gherkin.GherkinKeywordTest" name="testEnglishGherkinKeywords" time="0.001"/>
  <testcase classname="io.github.happyusha.gherkin.GherkinKeywordTest" name="testGermanGherkinKeywords" time="0.003"/>
  <testcase classname="io.github.happyusha.gherkin.GherkinKeywordTest" name="testMixedGherkinKeywords" time="0.008"/>
  <testcase classname="io.github.happyusha.gherkin.GherkinNameTest" name="testAndGherkinName" time="0"/>
  <testcase classname="io.github.happyusha.gherkin.GherkinNameTest" name="testAndToString" time="0.001"/>
  <testcase classname="io.github.happyusha.gherkin.GherkinNameTest" name="testAsteriskGherkinName" time="0"/>
  <testcase classname="io.github.happyusha.gherkin.GherkinNameTest" name="testAsteriskToString" time="0.001"/>
  <testcase classname="io.github.happyusha.gherkin.GherkinNameTest" name="testBackgroundGherkinName" time="0"/>
  <testcase classname="io.github.happyusha.gherkin.GherkinNameTest" name="testBackgroundToString" time="0"/>
  <testcase classname="io.github.happyusha.gherkin.GherkinNameTest" name="testButGherkinName" time="0"/>
  <testcase classname="io.github.happyusha.gherkin.GherkinNameTest" name="testButToString" time="0"/>
  <testcase classname="io.github.happyusha.gherkin.GherkinNameTest" name="testFeatureGherkinName" time="0"/>
  <testcase classname="io.github.happyusha.gherkin.GherkinNameTest" name="testFeatureToString" time="0"/>
  <testcase classname="io.github.happyusha.gherkin.GherkinNameTest" name="testGivenGherkinName" time="0"/>
  <testcase classname="io.github.happyusha.gherkin.GherkinNameTest" name="testGivenToString" time="0"/>
  <testcase classname="io.github.happyusha.gherkin.GherkinNameTest" name="testScenarioGherkinName" time="0"/>
  <testcase classname="io.github.happyusha.gherkin.GherkinNameTest" name="testScenarioOutlineGherkinName" time="0"/>
  <testcase classname="io.github.happyusha.gherkin.GherkinNameTest" name="testScenarioOutlineToString" time="0"/>
  <testcase classname="io.github.happyusha.gherkin.GherkinNameTest" name="testScenarioToString" time="0"/>
  <testcase classname="io.github.happyusha.gherkin.GherkinNameTest" name="testThenGherkinName" time="0"/>
  <testcase classname="io.github.happyusha.gherkin.GherkinNameTest" name="testThenToString" time="0"/>
  <testcase classname="io.github.happyusha.gherkin.GherkinNameTest" name="testWhenGherkinName" time="0.001"/>
  <testcase classname="io.github.happyusha.gherkin.GherkinNameTest" name="testWhenToString" time="0"/>
  <testcase classname="io.github.happyusha.markuputils.CodeBlockMarkupTest" name="jsonCodeBlock" time="0.001"/>
  <testcase classname="io.github.happyusha.markuputils.CodeBlockMarkupTest" name="multipleCodeBlocks1" time="0"/>
  <testcase classname="io.github.happyusha.markuputils.CodeBlockMarkupTest" name="multipleCodeBlocks2" time="0"/>
  <testcase classname="io.github.happyusha.markuputils.CodeBlockMarkupTest" name="multipleCodeBlocks3" time="0"/>
  <testcase classname="io.github.happyusha.markuputils.CodeBlockMarkupTest" name="multipleCodeBlocks4" time="0.001"/>
  <testcase classname="io.github.happyusha.markuputils.CodeBlockMarkupTest" name="nullCodeBlockContent" time="0"/>
  <testcase classname="io.github.happyusha.markuputils.CodeBlockMarkupTest" name="xmlCodeBlock" time="0.001"/>
  <testcase classname="io.github.happyusha.markuputils.CodeBlockMarkupTest" name="xmlCodeBlockWithLang" time="0"/>
  <testcase classname="io.github.happyusha.markuputils.CodeBlockMarkupTest" name="jsonCodeBlockWithLang" time="0.001"/>
  <testcase classname="io.github.happyusha.markuputils.CodeBlockMarkupTest" name="jsonCodeBlockWithLangMultiple" time="0.001"/>
  <testcase classname="io.github.happyusha.markuputils.LabelMarkupTest" name="labelWithEmptyText" time="0.009"/>
  <testcase classname="io.github.happyusha.markuputils.LabelMarkupTest" name="labelWithNullText" time="0"/>
  <testcase classname="io.github.happyusha.markuputils.LabelMarkupTest" name="labelWithText" time="0.004"/>
  <testcase classname="io.github.happyusha.markuputils.ListTest" name="orderedListFromArray" time="0.014"/>
  <testcase classname="io.github.happyusha.markuputils.ListTest" name="orderedListFromList" time="0"/>
  <testcase classname="io.github.happyusha.markuputils.ListTest" name="orderedListFromMap" time="0.004"/>
  <testcase classname="io.github.happyusha.markuputils.ListTest" name="orderedListFromSet" time="0.001"/>
  <testcase classname="io.github.happyusha.markuputils.ListTest" name="orderedListFromString" time="0"/>
  <testcase classname="io.github.happyusha.markuputils.ListTest" name="unorderedListFromArray" time="0.007"/>
  <testcase classname="io.github.happyusha.markuputils.ListTest" name="unorderedListFromList" time="0"/>
  <testcase classname="io.github.happyusha.markuputils.ListTest" name="unorderedListFromMap" time="0.003"/>
  <testcase classname="io.github.happyusha.markuputils.ListTest" name="unorderedListFromSet" time="0"/>
  <testcase classname="io.github.happyusha.markuputils.ListTest" name="unorderedListFromString" time="0"/>
  <testcase classname="io.github.happyusha.markuputils.TableMarkupTest" name="tableWithData" time="0.008"/>
  <testcase classname="io.github.happyusha.markuputils.TableMarkupTest" name="tableWithNullText" time="0"/>
  <testcase classname="io.github.happyusha.markuputils.TableMarkupTest" name="tableWithPojoBeginningEndingTags" time="0.017"/>
  <testcase classname="io.github.happyusha.markuputils.TableMarkupTest" name="tableWithPojoCells" time="0"/>
  <testcase classname="io.github.happyusha.markuputils.TableMarkupTest" name="tableWithPojoHeaders" time="0"/>
  <testcase classname="io.github.happyusha.markuputils.TableMarkupTest" name="tableWithSingleArray" time="0"/>
  <testcase classname="io.github.happyusha.markuputils.TableMarkupTest" name="tableWithSingleList" time="0"/>
  <testcase classname="io.github.happyusha.markuputils.TableMarkupTest" name="tableWithSingleSet" time="0"/>
  <testcase classname="io.github.happyusha.markuputils.TableMarkupTest" name="tableWithSingleStringField" time="0.001"/>
  <testcase classname="io.github.happyusha.model.context.NamedAttributeContextManagerTest" name="concurrentlyAssignedDevices" time="0.011"/>
  <testcase classname="io.github.happyusha.model.context.NamedAttributeContextManagerTest" name="concurrentlyAssignedTags" time="0.006"/>
  <testcase classname="io.github.happyusha.model.context.NamedAttributeContextManagerTest" name="concurrentlyAssignedUsers" time="0.006"/>
  <testcase classname="io.github.happyusha.NaturalConfTest" name="useNaturalConfReport" time="0.503"/>
  <testcase classname="io.github.happyusha.NaturalConfTest" name="useNaturalConfReportWithTimeChanged" time="0.001"/>
  <testcase classname="io.github.happyusha.NaturalConfTest" name="useNaturalConfTest" time="0.5"/>
  <testcase classname="io.github.happyusha.NaturalConfTest" name="useNaturalConfTestWithNodes" time="0.513"/>
  <testcase classname="io.github.happyusha.NaturalConfTest" name="useNaturalConfTestWithTimeChanged" time="0"/>
  <testcase classname="io.github.happyusha.observer.ReportEntityObserverTest" name="disposableNonNull" time="0.004"/>
  <testcase classname="io.github.happyusha.ParallelTest" name="parallelFlush" time="0.006"/>
  <testcase classname="io.github.happyusha.ParallelTest" name="parallelLogs" time="2.456"/>
  <testcase classname="io.github.happyusha.ParallelTest" name="parallelTests" time="0.021"/>
  <testcase classname="io.github.happyusha.ParallelTest" name="parallelTestsWithReporter" time="0.109"/>
  <testcase classname="io.github.happyusha.reporter.FileReporterPathsTest" name="jsonPathAsDirectory" time="0.014"/>
  <testcase classname="io.github.happyusha.reporter.FileReporterPathsTest" name="jsonPathAsFile" time="0.006"/>
  <testcase classname="io.github.happyusha.reporter.FileReporterPathsTest" name="sparkPathAsDirectory" time="0.318"/>
  <testcase classname="io.github.happyusha.reporter.FileReporterPathsTest" name="sparkPathAsFile" time="0.093"/>
  <testcase classname="io.github.happyusha.reporter.JsonFormatterBDDTest" name="supportsThrowable" time="0.024"/>
  <testcase classname="io.github.happyusha.reporter.JsonFormatterBDDTest" name="writeRead" time="0.012"/>
  <testcase classname="io.github.happyusha.reporter.JsonFormatterStandardTest" name="supportsThrowable" time="0.013"/>
  <testcase classname="io.github.happyusha.reporter.JsonFormatterStandardTest" name="writeRead" time="0.007"/>
  <testcase classname="io.github.happyusha.reporter.SparkReporterConfigTest" name="configTest" time="0"/>
  <testcase classname="io.github.happyusha.reporter.SparkReporterConfigTest" name="loadJSONConfigFileTest" time="0.002"/>
  <testcase classname="io.github.happyusha.reporter.SparkReporterConfigTest" name="loadJSONConfigStringTest" time="0.001"/>
  <testcase classname="io.github.happyusha.reporter.SparkReporterConfigTest" name="loadXMLConfigFileTest" time="0.005"/>
  <testcase classname="io.github.happyusha.reporter.SparkReporterConfigTest" name="loadXMLConfigPathTest" time="0.004"/>
  <testcase classname="io.github.happyusha.reporter.SparkReporterFilterTest" name="singleStatusFilterTestAllFiltered" time="0.099"/>
  <testcase classname="io.github.happyusha.reporter.SparkReporterFilterTest" name="singleStatusFilterTestOneFiltered" time="0.101"/>
  <testcase classname="io.github.happyusha.reporter.SparkReporterFilterTest" name="singleStatusFilterTestSomeFiltered" time="0.099"/>
  <testcase classname="io.github.happyusha.reporter.SparkReporterTest" name="createsReportWithNoTestsInitFile" time="0.173"/>
  <testcase classname="io.github.happyusha.reporter.SparkReporterTest" name="createsReportWithNoTestsInitPath" time="0.084"/>
  <testcase classname="io.github.happyusha.reporter.SparkReporterTest" name="reportContainsTestsAndNodes" time="0.124"/>
  <testcase classname="io.github.happyusha.reporter.SparkReporterTest" name="reportContainsTestsAndNodesDevices" time="0.122"/>
  <testcase classname="io.github.happyusha.reporter.SparkReporterTest" name="reportContainsTestsAndNodesTags" time="0.126"/>
  <testcase classname="io.github.happyusha.reporter.SparkReporterTest" name="reportContainsTestsAndNodesUsers" time="0.138"/>
  <testcase classname="io.github.happyusha.reporter.SparkReporterTest" name="sparkOffline" time="0.206"/>
  <testcase classname="io.github.happyusha.reporter.SparkReporterTest" name="statusFilterable" time="0.135"/>
  <testcase classname="io.github.happyusha.reporter.SparkReporterTest" name="statusFilterableNode" time="0.113"/>
  <testcase classname="io.github.happyusha.reporter.SparkTagTest" name="nodeTag" time="0.176"/>
  <testcase classname="io.github.happyusha.reporter.SparkTagTest" name="testTag" time="0.201"/>
  <testcase classname="io.github.happyusha.TestIdsTest" name="verifyAllStartedTestsHaveUniqueIds" time="0.013"/>
</testsuite>