<?xml version="1.0" encoding="UTF-8"?>
<!-- Generated by org.testng.reporters.JUnitReportReporter -->
<testsuite hostname="HMECL006000" failures="0" tests="7" name="com.aventstack.extentreports.ExtentTestNodeTest" time="0.105" errors="0" timestamp="2024-02-28T18:49:32 IST" skipped="0">
  <testcase classname="com.aventstack.extentreports.ExtentTestNodeTest" name="timeCalcNodes" time="0.102"/>
  <system-out/>
  <testcase classname="com.aventstack.extentreports.ExtentTestNodeTest" name="createNodeOverloadNameDesc" time="0.001"/>
  <system-out/>
  <testcase classname="com.aventstack.extentreports.ExtentTestNodeTest" name="createNodeOverloadKeywordName" time="0.001"/>
  <system-out/>
  <testcase classname="com.aventstack.extentreports.ExtentTestNodeTest" name="createNodeOverloadTypeName" time="0.000"/>
  <system-out/>
  <testcase classname="com.aventstack.extentreports.ExtentTestNodeTest" name="createNodeOverloadTypeNameDesc" time="0.001"/>
  <system-out/>
  <testcase classname="com.aventstack.extentreports.ExtentTestNodeTest" name="createNodeOverloadKeywordNameDesc" time="0.000"/>
  <system-out/>
  <testcase classname="com.aventstack.extentreports.ExtentTestNodeTest" name="createNodeOverloadName" time="0.000"/>
  <system-out/>
</testsuite> <!-- com.aventstack.extentreports.ExtentTestNodeTest -->
