<?xml version="1.0" encoding="UTF-8"?>
<!-- Generated by org.testng.reporters.JUnitReportReporter -->
<testsuite hostname="HMECL006000" failures="0" tests="5" name="com.aventstack.extentreports.reporter.SparkReporterConfigTest" time="0.015" errors="0" timestamp="2024-02-28T18:49:32 IST" skipped="0">
  <testcase classname="com.aventstack.extentreports.reporter.SparkReporterConfigTest" name="loadJSONConfigStringTest" time="0.000"/>
  <system-out/>
  <testcase classname="com.aventstack.extentreports.reporter.SparkReporterConfigTest" name="loadJSONConfigFileTest" time="0.000"/>
  <system-out/>
  <testcase classname="com.aventstack.extentreports.reporter.SparkReporterConfigTest" name="loadXMLConfigPathTest" time="0.000"/>
  <system-out/>
  <testcase classname="com.aventstack.extentreports.reporter.SparkReporterConfigTest" name="configTest" time="0.000"/>
  <system-out/>
  <testcase classname="com.aventstack.extentreports.reporter.SparkReporterConfigTest" name="loadXMLConfigFileTest" time="0.015"/>
  <system-out/>
</testsuite> <!-- com.aventstack.extentreports.reporter.SparkReporterConfigTest -->
