<?xml version="1.0" encoding="UTF-8"?>
<!-- Generated by org.testng.reporters.JUnitReportReporter -->
<testsuite hostname="HMECL006000" failures="0" tests="10" name="com.aventstack.extentreports.BddTypeTest" time="0.016" errors="0" timestamp="2024-02-28T18:49:32 IST" skipped="0">
  <testcase classname="com.aventstack.extentreports.BddTypeTest" name="featureIsOfBddType" time="0.000"/>
  <system-out/>
  <testcase classname="com.aventstack.extentreports.BddTypeTest" name="asteriskIsOfBddTypeWithBddChild" time="0.002"/>
  <system-out/>
  <testcase classname="com.aventstack.extentreports.BddTypeTest" name="scenarioOutlineIsOfBddTypeWithBddChild" time="0.001"/>
  <system-out/>
  <testcase classname="com.aventstack.extentreports.BddTypeTest" name="andIsOfBddTypeWithBddChild" time="0.003"/>
  <system-out/>
  <testcase classname="com.aventstack.extentreports.BddTypeTest" name="thenIsOfBddTypeWithBddChild" time="0.002"/>
  <system-out/>
  <testcase classname="com.aventstack.extentreports.BddTypeTest" name="butIsOfBddTypeWithBddChild" time="0.002"/>
  <system-out/>
  <testcase classname="com.aventstack.extentreports.BddTypeTest" name="scenarioIsOfBddTypeWithBddChild" time="0.001"/>
  <system-out/>
  <testcase classname="com.aventstack.extentreports.BddTypeTest" name="whenIsOfBddTypeWithBddChild" time="0.001"/>
  <system-out/>
  <testcase classname="com.aventstack.extentreports.BddTypeTest" name="backgroundIsOfBddTypeWithBddChild" time="0.002"/>
  <system-out/>
  <testcase classname="com.aventstack.extentreports.BddTypeTest" name="givenIsOfBddTypeWithBddChild" time="0.002"/>
  <system-out/>
</testsuite> <!-- com.aventstack.extentreports.BddTypeTest -->
