<?xml version="1.0" encoding="UTF-8"?>
<!-- Generated by org.testng.reporters.JUnitReportReporter -->
<testsuite hostname="HMECL006000" failures="0" tests="6" name="com.aventstack.extentreports.ExtentTestAttributesTest" time="0.000" errors="0" timestamp="2024-03-05T10:55:56 IST" skipped="0">
  <testcase classname="com.aventstack.extentreports.ExtentTestAttributesTest" name="extentTestWithNoDevice" time="0.000"/>
  <system-out/>
  <testcase classname="com.aventstack.extentreports.ExtentTestAttributesTest" name="extentTestWithNoCategory" time="0.000"/>
  <system-out/>
  <testcase classname="com.aventstack.extentreports.ExtentTestAttributesTest" name="extentTestWithNoAuthor" time="0.000"/>
  <system-out/>
  <testcase classname="com.aventstack.extentreports.ExtentTestAttributesTest" name="extentTestWithDevice" time="0.000"/>
  <system-out/>
  <testcase classname="com.aventstack.extentreports.ExtentTestAttributesTest" name="extentTestWithAuthor" time="0.000"/>
  <system-out/>
  <testcase classname="com.aventstack.extentreports.ExtentTestAttributesTest" name="extentTestWithCategory" time="0.000"/>
  <system-out/>
</testsuite> <!-- com.aventstack.extentreports.ExtentTestAttributesTest -->
