<?xml version="1.0" encoding="UTF-8"?>
<!-- Generated by org.testng.reporters.JUnitReportReporter -->
<testsuite hostname="HMECL006000" failures="0" tests="5" name="io.github.happyusha.ExtentReportsRemoveTest" time="0.018" errors="0" timestamp="2024-03-20T21:38:10 IST" skipped="0">
  <testcase classname="io.github.happyusha.ExtentReportsRemoveTest" name="removeNode" time="0.000"/>
  <system-out/>
  <testcase classname="io.github.happyusha.ExtentReportsRemoveTest" name="removeTestWithTag" time="0.000"/>
  <system-out/>
  <testcase classname="io.github.happyusha.ExtentReportsRemoveTest" name="removeNodeByName" time="0.003"/>
  <system-out/>
  <testcase classname="io.github.happyusha.ExtentReportsRemoveTest" name="removeTestByName" time="0.015"/>
  <system-out/>
  <testcase classname="io.github.happyusha.ExtentReportsRemoveTest" name="removeTest" time="0.000"/>
  <system-out/>
</testsuite> <!-- io.github.happyusha.ExtentReportsRemoveTest -->
