<?xml version="1.0" encoding="UTF-8"?>
<!-- Generated by org.testng.reporters.JUnitReportReporter -->
<testsuite hostname="HMECL006000" failures="0" tests="5" name="io.github.happyusha.NaturalConfTest" time="1.516" errors="0" timestamp="2024-03-20T21:38:10 IST" skipped="0">
  <testcase classname="io.github.happyusha.NaturalConfTest" name="useNaturalConfReport" time="0.503"/>
  <system-out/>
  <testcase classname="io.github.happyusha.NaturalConfTest" name="useNaturalConfTestWithNodes" time="0.513"/>
  <system-out/>
  <testcase classname="io.github.happyusha.NaturalConfTest" name="useNaturalConfTest" time="0.500"/>
  <system-out/>
  <testcase classname="io.github.happyusha.NaturalConfTest" name="useNaturalConfTestWithTimeChanged" time="0.000"/>
  <system-out/>
  <testcase classname="io.github.happyusha.NaturalConfTest" name="useNaturalConfReportWithTimeChanged" time="0.000"/>
  <system-out/>
</testsuite> <!-- io.github.happyusha.NaturalConfTest -->
