<?xml version="1.0" encoding="UTF-8"?>
<!-- Generated by org.testng.reporters.JUnitReportReporter -->
<testsuite hostname="HMECL006000" failures="0" tests="2" name="com.aventstack.extentreports.config.external.XmlConfigLoaderTest" time="0.064" errors="0" timestamp="2024-03-05T10:55:56 IST" skipped="0">
  <testcase classname="com.aventstack.extentreports.config.external.XmlConfigLoaderTest" name="xmlConfigTest" time="0.000"/>
  <system-out/>
  <testcase classname="com.aventstack.extentreports.config.external.XmlConfigLoaderTest" name="xmlConfigLowerCaseEnumTest" time="0.064"/>
  <system-out/>
</testsuite> <!-- com.aventstack.extentreports.config.external.XmlConfigLoaderTest -->
