<?xml version="1.0" encoding="UTF-8"?>
<!-- Generated by org.testng.reporters.JUnitReportReporter -->
<testsuite hostname="HMECL006000" failures="0" tests="4" name="com.aventstack.extentreports.reporter.FileReporterPathsTest" time="0.446" errors="0" timestamp="2024-03-05T10:55:56 IST" skipped="0">
  <testcase classname="com.aventstack.extentreports.reporter.FileReporterPathsTest" name="jsonPathAsDirectory" time="0.020"/>
  <system-out/>
  <testcase classname="com.aventstack.extentreports.reporter.FileReporterPathsTest" name="jsonPathAsFile" time="0.000"/>
  <system-out/>
  <testcase classname="com.aventstack.extentreports.reporter.FileReporterPathsTest" name="sparkPathAsDirectory" time="0.346"/>
  <system-out/>
  <testcase classname="com.aventstack.extentreports.reporter.FileReporterPathsTest" name="sparkPathAsFile" time="0.080"/>
  <system-out/>
</testsuite> <!-- com.aventstack.extentreports.reporter.FileReporterPathsTest -->
