<?xml version="1.0" encoding="UTF-8"?>
<!-- Generated by org.testng.reporters.JUnitReportReporter -->
<testsuite hostname="HMECL006000" failures="0" tests="3" name="com.aventstack.extentreports.model.context.NamedAttributeContextManagerTest" time="0.098" errors="0" timestamp="2024-02-28T18:49:32 IST" skipped="0">
  <testcase classname="com.aventstack.extentreports.model.context.NamedAttributeContextManagerTest" name="concurrentlyAssignedDevices" time="0.070"/>
  <system-out/>
  <testcase classname="com.aventstack.extentreports.model.context.NamedAttributeContextManagerTest" name="concurrentlyAssignedUsers" time="0.011"/>
  <system-out/>
  <testcase classname="com.aventstack.extentreports.model.context.NamedAttributeContextManagerTest" name="concurrentlyAssignedTags" time="0.017"/>
  <system-out/>
</testsuite> <!-- com.aventstack.extentreports.model.context.NamedAttributeContextManagerTest -->
