<?xml version="1.0" encoding="UTF-8"?>
<!-- Generated by org.testng.reporters.JUnitReportReporter -->
<testsuite hostname="HMECL006000" failures="0" tests="12" name="com.aventstack.extentreports.entity.TestEntityInitTest" time="0.002" errors="0" timestamp="2024-02-28T18:49:32 IST" skipped="0">
  <testcase classname="com.aventstack.extentreports.entity.TestEntityInitTest" name="childrenEmptyOnInit" time="0.000"/>
  <system-out/>
  <testcase classname="com.aventstack.extentreports.entity.TestEntityInitTest" name="tagEmptyOnInit" time="0.001"/>
  <system-out/>
  <testcase classname="com.aventstack.extentreports.entity.TestEntityInitTest" name="startIsPassOnInit" time="0.000"/>
  <system-out/>
  <testcase classname="com.aventstack.extentreports.entity.TestEntityInitTest" name="testIsLeafOnInit" time="0.000"/>
  <system-out/>
  <testcase classname="com.aventstack.extentreports.entity.TestEntityInitTest" name="descriptionNullOnInit" time="0.000"/>
  <system-out/>
  <testcase classname="com.aventstack.extentreports.entity.TestEntityInitTest" name="logsEmptyOnInit" time="0.000"/>
  <system-out/>
  <testcase classname="com.aventstack.extentreports.entity.TestEntityInitTest" name="levelIs0OnInit" time="0.000"/>
  <system-out/>
  <testcase classname="com.aventstack.extentreports.entity.TestEntityInitTest" name="startAndEndTimesNonNullAtInit" time="0.000"/>
  <system-out/>
  <testcase classname="com.aventstack.extentreports.entity.TestEntityInitTest" name="devicesEmptyOnInit" time="0.000"/>
  <system-out/>
  <testcase classname="com.aventstack.extentreports.entity.TestEntityInitTest" name="parentNullOnInit" time="0.001"/>
  <system-out/>
  <testcase classname="com.aventstack.extentreports.entity.TestEntityInitTest" name="authorsEmptyOnInit" time="0.000"/>
  <system-out/>
  <testcase classname="com.aventstack.extentreports.entity.TestEntityInitTest" name="testId1OrGreaterOnInit" time="0.000"/>
  <system-out/>
</testsuite> <!-- com.aventstack.extentreports.entity.TestEntityInitTest -->
