<?xml version="1.0" encoding="UTF-8"?>
<!-- Generated by org.testng.reporters.JUnitReportReporter -->
<testsuite hostname="HMECL006000" failures="0" tests="3" name="com.aventstack.extentreports.reporter.SparkReporterFilterTest" time="0.420" errors="0" timestamp="2024-02-28T18:49:32 IST" skipped="0">
  <testcase classname="com.aventstack.extentreports.reporter.SparkReporterFilterTest" name="singleStatusFilterTestOneFiltered" time="0.132"/>
  <system-out/>
  <testcase classname="com.aventstack.extentreports.reporter.SparkReporterFilterTest" name="singleStatusFilterTestSomeFiltered" time="0.119"/>
  <system-out/>
  <testcase classname="com.aventstack.extentreports.reporter.SparkReporterFilterTest" name="singleStatusFilterTestAllFiltered" time="0.169"/>
  <system-out/>
</testsuite> <!-- com.aventstack.extentreports.reporter.SparkReporterFilterTest -->
