<?xml version="1.0" encoding="UTF-8"?>
<!-- Generated by org.testng.reporters.JUnitReportReporter -->
<testsuite hostname="HMECL006000" failures="0" tests="3" name="com.aventstack.extentreports.entity.ReportStatsConcurrentTest" time="0.101" errors="0" timestamp="2024-02-28T18:49:32 IST" skipped="0">
  <testcase classname="com.aventstack.extentreports.entity.ReportStatsConcurrentTest" name="concurrentAddUpdateFlush" time="0.028"/>
  <system-out/>
  <testcase classname="com.aventstack.extentreports.entity.ReportStatsConcurrentTest" name="concurrentAddModifyUpdateFlush" time="0.051"/>
  <system-out/>
  <testcase classname="com.aventstack.extentreports.entity.ReportStatsConcurrentTest" name="concurrentAddRemoveUpdateFlush" time="0.022"/>
  <system-out/>
</testsuite> <!-- com.aventstack.extentreports.entity.ReportStatsConcurrentTest -->
