<?xml version="1.0" encoding="UTF-8"?>
<!-- Generated by org.testng.reporters.JUnitReportReporter -->
<testsuite hostname="HMECL006000" failures="0" tests="1" name="io.github.happyusha.entity.DeviceEntityTest" time="0.001" errors="0" timestamp="2024-03-20T21:38:10 IST" skipped="0">
  <testcase classname="io.github.happyusha.entity.DeviceEntityTest" name="deviceName" time="0.001"/>
  <system-out/>
</testsuite> <!-- io.github.happyusha.entity.DeviceEntityTest -->
