<?xml version="1.0" encoding="UTF-8"?>
<!-- Generated by org.testng.reporters.JUnitReportReporter -->
<testsuite hostname="HMECL006000" failures="0" tests="10" name="com.aventstack.extentreports.markuputils.CodeBlockMarkupTest" time="0.012" errors="0" timestamp="2024-02-28T18:49:32 IST" skipped="0">
  <testcase classname="com.aventstack.extentreports.markuputils.CodeBlockMarkupTest" name="multipleCodeBlocks3" time="0.001"/>
  <system-out/>
  <testcase classname="com.aventstack.extentreports.markuputils.CodeBlockMarkupTest" name="multipleCodeBlocks2" time="0.001"/>
  <system-out/>
  <testcase classname="com.aventstack.extentreports.markuputils.CodeBlockMarkupTest" name="multipleCodeBlocks1" time="0.001"/>
  <system-out/>
  <testcase classname="com.aventstack.extentreports.markuputils.CodeBlockMarkupTest" name="xmlCodeBlockWithLang" time="0.001"/>
  <system-out/>
  <testcase classname="com.aventstack.extentreports.markuputils.CodeBlockMarkupTest" name="jsonCodeBlock" time="0.001"/>
  <system-out/>
  <testcase classname="com.aventstack.extentreports.markuputils.CodeBlockMarkupTest" name="nullCodeBlockContent" time="0.001"/>
  <system-out/>
  <testcase classname="com.aventstack.extentreports.markuputils.CodeBlockMarkupTest" name="multipleCodeBlocks4" time="0.001"/>
  <system-out/>
  <testcase classname="com.aventstack.extentreports.markuputils.CodeBlockMarkupTest" name="xmlCodeBlock" time="0.002"/>
  <system-out/>
  <testcase classname="com.aventstack.extentreports.markuputils.CodeBlockMarkupTest" name="jsonCodeBlockWithLang" time="0.001"/>
  <system-out/>
  <testcase classname="com.aventstack.extentreports.markuputils.CodeBlockMarkupTest" name="jsonCodeBlockWithLangMultiple" time="0.002"/>
  <system-out/>
</testsuite> <!-- com.aventstack.extentreports.markuputils.CodeBlockMarkupTest -->
