<?xml version="1.0" encoding="UTF-8"?>
<!-- Generated by org.testng.reporters.JUnitReportReporter -->
<testsuite hostname="HMECL006000" failures="0" tests="3" name="com.aventstack.extentreports.entity.StatusEntityTest" time="0.003" errors="0" timestamp="2024-02-28T18:49:32 IST" skipped="0">
  <testcase classname="com.aventstack.extentreports.entity.StatusEntityTest" name="statusMax" time="0.001"/>
  <system-out/>
  <testcase classname="com.aventstack.extentreports.entity.StatusEntityTest" name="statusMin" time="0.001"/>
  <system-out/>
  <testcase classname="com.aventstack.extentreports.entity.StatusEntityTest" name="statusHierarchy" time="0.001"/>
  <system-out/>
</testsuite> <!-- com.aventstack.extentreports.entity.StatusEntityTest -->
