<?xml version="1.0" encoding="UTF-8"?>
<!-- Generated by org.testng.reporters.JUnitReportReporter -->
<testsuite hostname="HMECL006000" failures="0" tests="3" name="io.github.happyusha.entity.ReportStatsConcurrentTest" time="0.106" errors="0" timestamp="2024-03-20T21:38:10 IST" skipped="0">
  <testcase classname="io.github.happyusha.entity.ReportStatsConcurrentTest" name="concurrentAddUpdateFlush" time="0.024"/>
  <system-out/>
  <testcase classname="io.github.happyusha.entity.ReportStatsConcurrentTest" name="concurrentAddRemoveUpdateFlush" time="0.019"/>
  <system-out/>
  <testcase classname="io.github.happyusha.entity.ReportStatsConcurrentTest" name="concurrentAddModifyUpdateFlush" time="0.063"/>
  <system-out/>
</testsuite> <!-- io.github.happyusha.entity.ReportStatsConcurrentTest -->
