<?xml version="1.0" encoding="UTF-8"?>
<!-- Generated by org.testng.reporters.JUnitReportReporter -->
<testsuite hostname="HMECL006000" failures="0" tests="5" name="com.aventstack.extentreports.ExtentReportsRemoveTest" time="0.013" errors="0" timestamp="2024-03-05T10:55:56 IST" skipped="0">
  <testcase classname="com.aventstack.extentreports.ExtentReportsRemoveTest" name="removeTestByName" time="0.000"/>
  <system-out/>
  <testcase classname="com.aventstack.extentreports.ExtentReportsRemoveTest" name="removeTestWithTag" time="0.000"/>
  <system-out/>
  <testcase classname="com.aventstack.extentreports.ExtentReportsRemoveTest" name="removeNode" time="0.000"/>
  <system-out/>
  <testcase classname="com.aventstack.extentreports.ExtentReportsRemoveTest" name="removeTest" time="0.000"/>
  <system-out/>
  <testcase classname="com.aventstack.extentreports.ExtentReportsRemoveTest" name="removeNodeByName" time="0.013"/>
  <system-out/>
</testsuite> <!-- com.aventstack.extentreports.ExtentReportsRemoveTest -->
