<?xml version="1.0" encoding="UTF-8"?>
<!-- Generated by org.testng.reporters.JUnitReportReporter -->
<testsuite hostname="HMECL006000" failures="0" tests="7" name="com.aventstack.extentreports.entity.ReportStatsTest" time="0.016" errors="0" timestamp="2024-03-05T10:55:56 IST" skipped="0">
  <testcase classname="com.aventstack.extentreports.entity.ReportStatsTest" name="statsAll" time="0.000"/>
  <system-out/>
  <testcase classname="com.aventstack.extentreports.entity.ReportStatsTest" name="statsGrandchildStatus" time="0.000"/>
  <system-out/>
  <testcase classname="com.aventstack.extentreports.entity.ReportStatsTest" name="allLevelMapsNonNull" time="0.000"/>
  <system-out/>
  <testcase classname="com.aventstack.extentreports.entity.ReportStatsTest" name="statsChildStatus" time="0.000"/>
  <system-out/>
  <testcase classname="com.aventstack.extentreports.entity.ReportStatsTest" name="statsSize" time="0.000"/>
  <system-out/>
  <testcase classname="com.aventstack.extentreports.entity.ReportStatsTest" name="analysisStrategyDefault" time="0.000"/>
  <system-out/>
  <testcase classname="com.aventstack.extentreports.entity.ReportStatsTest" name="statsTestStatus" time="0.016"/>
  <system-out/>
</testsuite> <!-- com.aventstack.extentreports.entity.ReportStatsTest -->
