<?xml version="1.0" encoding="UTF-8"?>
<!-- Generated by org.testng.reporters.JUnitReportReporter -->
<testsuite hostname="HMECL006000" failures="0" tests="7" name="io.github.happyusha.entity.ReportStatsTest" time="0.008" errors="0" timestamp="2024-03-20T21:38:10 IST" skipped="0">
  <testcase classname="io.github.happyusha.entity.ReportStatsTest" name="statsSize" time="0.000"/>
  <system-out/>
  <testcase classname="io.github.happyusha.entity.ReportStatsTest" name="allLevelMapsNonNull" time="0.000"/>
  <system-out/>
  <testcase classname="io.github.happyusha.entity.ReportStatsTest" name="analysisStrategyDefault" time="0.000"/>
  <system-out/>
  <testcase classname="io.github.happyusha.entity.ReportStatsTest" name="statsChildStatus" time="0.002"/>
  <system-out/>
  <testcase classname="io.github.happyusha.entity.ReportStatsTest" name="statsTestStatus" time="0.002"/>
  <system-out/>
  <testcase classname="io.github.happyusha.entity.ReportStatsTest" name="statsGrandchildStatus" time="0.002"/>
  <system-out/>
  <testcase classname="io.github.happyusha.entity.ReportStatsTest" name="statsAll" time="0.002"/>
  <system-out/>
</testsuite> <!-- io.github.happyusha.entity.ReportStatsTest -->
