<?xml version="1.0" encoding="UTF-8"?>
<!-- Generated by org.testng.reporters.JUnitReportReporter -->
<testsuite hostname="HMECL006000" failures="0" tests="5" name="com.aventstack.extentreports.ExtentReportsRemoveTest" time="0.037" errors="0" timestamp="2024-02-28T18:49:32 IST" skipped="0">
  <testcase classname="com.aventstack.extentreports.ExtentReportsRemoveTest" name="removeNodeByName" time="0.028"/>
  <system-out/>
  <testcase classname="com.aventstack.extentreports.ExtentReportsRemoveTest" name="removeNode" time="0.001"/>
  <system-out/>
  <testcase classname="com.aventstack.extentreports.ExtentReportsRemoveTest" name="removeTestWithTag" time="0.004"/>
  <system-out/>
  <testcase classname="com.aventstack.extentreports.ExtentReportsRemoveTest" name="removeTestByName" time="0.002"/>
  <system-out/>
  <testcase classname="com.aventstack.extentreports.ExtentReportsRemoveTest" name="removeTest" time="0.002"/>
  <system-out/>
</testsuite> <!-- com.aventstack.extentreports.ExtentReportsRemoveTest -->
