<?xml version="1.0" encoding="UTF-8"?>
<!-- Generated by org.testng.reporters.JUnitReportReporter -->
<testsuite hostname="HMECL006000" failures="0" tests="4" name="io.github.happyusha.ParallelTest" time="2.591" errors="0" timestamp="2024-03-20T21:38:10 IST" skipped="0">
  <testcase classname="io.github.happyusha.ParallelTest" name="parallelFlush" time="0.005"/>
  <system-out/>
  <testcase classname="io.github.happyusha.ParallelTest" name="parallelLogs" time="2.456"/>
  <system-out/>
  <testcase classname="io.github.happyusha.ParallelTest" name="parallelTests" time="0.022"/>
  <system-out/>
  <testcase classname="io.github.happyusha.ParallelTest" name="parallelTestsWithReporter" time="0.108"/>
  <system-out/>
</testsuite> <!-- io.github.happyusha.ParallelTest -->
