<?xml version="1.0" encoding="UTF-8"?>
<!-- Generated by org.testng.reporters.JUnitReportReporter -->
<testsuite hostname="HMECL006000" failures="0" tests="20" name="io.github.happyusha.gherkin.GherkinNameTest" time="0.004" errors="0" timestamp="2024-03-20T21:38:10 IST" skipped="0">
  <testcase classname="io.github.happyusha.gherkin.GherkinNameTest" name="testButGherkinName" time="0.001"/>
  <system-out/>
  <testcase classname="io.github.happyusha.gherkin.GherkinNameTest" name="testWhenToString" time="0.000"/>
  <system-out/>
  <testcase classname="io.github.happyusha.gherkin.GherkinNameTest" name="testThenGherkinName" time="0.000"/>
  <system-out/>
  <testcase classname="io.github.happyusha.gherkin.GherkinNameTest" name="testBackgroundToString" time="0.000"/>
  <system-out/>
  <testcase classname="io.github.happyusha.gherkin.GherkinNameTest" name="testScenarioGherkinName" time="0.000"/>
  <system-out/>
  <testcase classname="io.github.happyusha.gherkin.GherkinNameTest" name="testAndToString" time="0.000"/>
  <system-out/>
  <testcase classname="io.github.happyusha.gherkin.GherkinNameTest" name="testBackgroundGherkinName" time="0.000"/>
  <system-out/>
  <testcase classname="io.github.happyusha.gherkin.GherkinNameTest" name="testThenToString" time="0.001"/>
  <system-out/>
  <testcase classname="io.github.happyusha.gherkin.GherkinNameTest" name="testGivenToString" time="0.000"/>
  <system-out/>
  <testcase classname="io.github.happyusha.gherkin.GherkinNameTest" name="testAsteriskToString" time="0.000"/>
  <system-out/>
  <testcase classname="io.github.happyusha.gherkin.GherkinNameTest" name="testAndGherkinName" time="0.002"/>
  <system-out/>
  <testcase classname="io.github.happyusha.gherkin.GherkinNameTest" name="testScenarioOutlineToString" time="0.000"/>
  <system-out/>
  <testcase classname="io.github.happyusha.gherkin.GherkinNameTest" name="testFeatureToString" time="0.000"/>
  <system-out/>
  <testcase classname="io.github.happyusha.gherkin.GherkinNameTest" name="testFeatureGherkinName" time="0.000"/>
  <system-out/>
  <testcase classname="io.github.happyusha.gherkin.GherkinNameTest" name="testScenarioOutlineGherkinName" time="0.000"/>
  <system-out/>
  <testcase classname="io.github.happyusha.gherkin.GherkinNameTest" name="testWhenGherkinName" time="0.000"/>
  <system-out/>
  <testcase classname="io.github.happyusha.gherkin.GherkinNameTest" name="testScenarioToString" time="0.000"/>
  <system-out/>
  <testcase classname="io.github.happyusha.gherkin.GherkinNameTest" name="testGivenGherkinName" time="0.000"/>
  <system-out/>
  <testcase classname="io.github.happyusha.gherkin.GherkinNameTest" name="testButToString" time="0.000"/>
  <system-out/>
  <testcase classname="io.github.happyusha.gherkin.GherkinNameTest" name="testAsteriskGherkinName" time="0.000"/>
  <system-out/>
</testsuite> <!-- io.github.happyusha.gherkin.GherkinNameTest -->
