<?xml version="1.0" encoding="UTF-8"?>
<!-- Generated by org.testng.reporters.JUnitReportReporter -->
<testsuite hostname="HMECL006000" failures="0" tests="2" name="com.aventstack.extentreports.reporter.JsonFormatterBDDTest" time="0.187" errors="0" timestamp="2024-02-28T18:49:32 IST" skipped="0">
  <testcase classname="com.aventstack.extentreports.reporter.JsonFormatterBDDTest" name="supportsThrowable" time="0.047"/>
  <system-out/>
  <testcase classname="com.aventstack.extentreports.reporter.JsonFormatterBDDTest" name="writeRead" time="0.140"/>
  <system-out/>
</testsuite> <!-- com.aventstack.extentreports.reporter.JsonFormatterBDDTest -->
