<?xml version="1.0" encoding="UTF-8"?>
<!-- Generated by org.testng.reporters.JUnitReportReporter -->
<testsuite hostname="HMECL006000" failures="0" tests="10" name="io.github.happyusha.entity.LogEntityTest" time="0.002" errors="0" timestamp="2024-03-20T21:38:10 IST" skipped="0">
  <testcase classname="io.github.happyusha.entity.LogEntityTest" name="timestampNonNullOnInit" time="0.000"/>
  <system-out/>
  <testcase classname="io.github.happyusha.entity.LogEntityTest" name="seqNegOnInit" time="0.000"/>
  <system-out/>
  <testcase classname="io.github.happyusha.entity.LogEntityTest" name="detailsNullOnInit" time="0.000"/>
  <system-out/>
  <testcase classname="io.github.happyusha.entity.LogEntityTest" name="defaultStatusBuilder" time="0.000"/>
  <system-out/>
  <testcase classname="io.github.happyusha.entity.LogEntityTest" name="addMediaWithResolvedPathToLog" time="0.000"/>
  <system-out/>
  <testcase classname="io.github.happyusha.entity.LogEntityTest" name="addMediaDefault" time="0.000"/>
  <system-out/>
  <testcase classname="io.github.happyusha.entity.LogEntityTest" name="changedStatus" time="0.000"/>
  <system-out/>
  <testcase classname="io.github.happyusha.entity.LogEntityTest" name="mediaEmptyOnInit" time="0.001"/>
  <system-out/>
  <testcase classname="io.github.happyusha.entity.LogEntityTest" name="exceptionsEmptyOnInit" time="0.000"/>
  <system-out/>
  <testcase classname="io.github.happyusha.entity.LogEntityTest" name="addMediaWithPathToLog" time="0.001"/>
  <system-out/>
</testsuite> <!-- io.github.happyusha.entity.LogEntityTest -->
