<?xml version="1.0" encoding="UTF-8"?>
<!-- Generated by org.testng.reporters.JUnitReportReporter -->
<testsuite hostname="HMECL006000" failures="0" tests="1" name="io.github.happyusha.entity.ScreenCaptureTest" time="0.000" errors="0" timestamp="2024-03-20T21:38:10 IST" skipped="0">
  <testcase classname="io.github.happyusha.entity.ScreenCaptureTest" name="initWithAllEntitiesNull" time="0.000"/>
  <system-out/>
</testsuite> <!-- io.github.happyusha.entity.ScreenCaptureTest -->
