<?xml version="1.0" encoding="UTF-8"?>
<!-- Generated by org.testng.reporters.JUnitReportReporter -->
<testsuite hostname="HMECL006000" failures="0" tests="11" name="io.github.happyusha.ExtentReportsTest" time="0.046" errors="0" timestamp="2024-03-20T21:38:10 IST" skipped="0">
  <testcase classname="io.github.happyusha.ExtentReportsTest" name="gherkinDialect" time="0.000"/>
  <system-out/>
  <testcase classname="io.github.happyusha.ExtentReportsTest" name="keepLastRetryOnlyTestDisabled" time="0.001"/>
  <system-out/>
  <testcase classname="io.github.happyusha.ExtentReportsTest" name="createTestOverloadTypeNameDesc" time="0.000"/>
  <system-out/>
  <testcase classname="io.github.happyusha.ExtentReportsTest" name="createTestOverloadKeywordName" time="0.002"/>
  <system-out/>
  <testcase classname="io.github.happyusha.ExtentReportsTest" name="createTestOverloadName" time="0.000"/>
  <system-out/>
  <testcase classname="io.github.happyusha.ExtentReportsTest" name="addTestRunnerOutputList" time="0.002"/>
  <system-out/>
  <testcase classname="io.github.happyusha.ExtentReportsTest" name="addTestRunnerOutputSingle" time="0.039"/>
  <system-out/>
  <testcase classname="io.github.happyusha.ExtentReportsTest" name="createTestOverloadKeywordNameDesc" time="0.000"/>
  <system-out/>
  <testcase classname="io.github.happyusha.ExtentReportsTest" name="createTestOverloadTypeName" time="0.001"/>
  <system-out/>
  <testcase classname="io.github.happyusha.ExtentReportsTest" name="createTestOverloadNameDesc" time="0.000"/>
  <system-out/>
  <testcase classname="io.github.happyusha.ExtentReportsTest" name="keepLastRetryOnlyTestEnabled" time="0.001"/>
  <system-out/>
</testsuite> <!-- io.github.happyusha.ExtentReportsTest -->
