<?xml version="1.0" encoding="UTF-8"?>
<!-- Generated by org.testng.reporters.JUnitReportReporter -->
<testsuite hostname="HMECL006000" failures="0" tests="9" name="io.github.happyusha.reporter.SparkReporterTest" time="1.222" errors="0" timestamp="2024-03-20T21:38:10 IST" skipped="0">
  <testcase classname="io.github.happyusha.reporter.SparkReporterTest" name="statusFilterable" time="0.136"/>
  <system-out/>
  <testcase classname="io.github.happyusha.reporter.SparkReporterTest" name="statusFilterableNode" time="0.113"/>
  <system-out/>
  <testcase classname="io.github.happyusha.reporter.SparkReporterTest" name="createsReportWithNoTestsInitPath" time="0.084"/>
  <system-out/>
  <testcase classname="io.github.happyusha.reporter.SparkReporterTest" name="reportContainsTestsAndNodesUsers" time="0.138"/>
  <system-out/>
  <testcase classname="io.github.happyusha.reporter.SparkReporterTest" name="reportContainsTestsAndNodesDevices" time="0.122"/>
  <system-out/>
  <testcase classname="io.github.happyusha.reporter.SparkReporterTest" name="reportContainsTestsAndNodesTags" time="0.127"/>
  <system-out/>
  <testcase classname="io.github.happyusha.reporter.SparkReporterTest" name="reportContainsTestsAndNodes" time="0.123"/>
  <system-out/>
  <testcase classname="io.github.happyusha.reporter.SparkReporterTest" name="sparkOffline" time="0.206"/>
  <system-out/>
  <testcase classname="io.github.happyusha.reporter.SparkReporterTest" name="createsReportWithNoTestsInitFile" time="0.173"/>
  <system-out/>
</testsuite> <!-- io.github.happyusha.reporter.SparkReporterTest -->
