<?xml version="1.0" encoding="UTF-8"?>
<!-- Generated by org.testng.reporters.JUnitReportReporter -->
<testsuite hostname="HMECL006000" failures="0" tests="11" name="com.aventstack.extentreports.ExtentReportsTest" time="0.007" errors="0" timestamp="2024-02-28T18:49:32 IST" skipped="0">
  <testcase classname="com.aventstack.extentreports.ExtentReportsTest" name="createTestOverloadNameDesc" time="0.000"/>
  <system-out/>
  <testcase classname="com.aventstack.extentreports.ExtentReportsTest" name="addTestRunnerOutputSingle" time="0.001"/>
  <system-out/>
  <testcase classname="com.aventstack.extentreports.ExtentReportsTest" name="createTestOverloadKeywordName" time="0.001"/>
  <system-out/>
  <testcase classname="com.aventstack.extentreports.ExtentReportsTest" name="keepLastRetryOnlyTestEnabled" time="0.001"/>
  <system-out/>
  <testcase classname="com.aventstack.extentreports.ExtentReportsTest" name="createTestOverloadTypeName" time="0.001"/>
  <system-out/>
  <testcase classname="com.aventstack.extentreports.ExtentReportsTest" name="addTestRunnerOutputList" time="0.001"/>
  <system-out/>
  <testcase classname="com.aventstack.extentreports.ExtentReportsTest" name="createTestOverloadName" time="0.001"/>
  <system-out/>
  <testcase classname="com.aventstack.extentreports.ExtentReportsTest" name="keepLastRetryOnlyTestDisabled" time="0.000"/>
  <system-out/>
  <testcase classname="com.aventstack.extentreports.ExtentReportsTest" name="createTestOverloadTypeNameDesc" time="0.000"/>
  <system-out/>
  <testcase classname="com.aventstack.extentreports.ExtentReportsTest" name="gherkinDialect" time="0.001"/>
  <system-out/>
  <testcase classname="com.aventstack.extentreports.ExtentReportsTest" name="createTestOverloadKeywordNameDesc" time="0.000"/>
  <system-out/>
</testsuite> <!-- com.aventstack.extentreports.ExtentReportsTest -->
