<?xml version="1.0" encoding="UTF-8"?>
<!-- Generated by org.testng.reporters.JUnitReportReporter -->
<testsuite hostname="HMECL006000" failures="0" tests="5" name="io.github.happyusha.ExtentTestLogHierarchyTest" time="0.001" errors="0" timestamp="2024-03-20T21:38:10 IST" skipped="0">
  <testcase classname="io.github.happyusha.ExtentTestLogHierarchyTest" name="warning" time="0.000"/>
  <system-out/>
  <testcase classname="io.github.happyusha.ExtentTestLogHierarchyTest" name="overall" time="0.000"/>
  <system-out/>
  <testcase classname="io.github.happyusha.ExtentTestLogHierarchyTest" name="info" time="0.000"/>
  <system-out/>
  <testcase classname="io.github.happyusha.ExtentTestLogHierarchyTest" name="skipped" time="0.001"/>
  <system-out/>
  <testcase classname="io.github.happyusha.ExtentTestLogHierarchyTest" name="passed" time="0.000"/>
  <system-out/>
</testsuite> <!-- io.github.happyusha.ExtentTestLogHierarchyTest -->
