<?xml version="1.0" encoding="UTF-8"?>
<!-- Generated by org.testng.reporters.JUnitReportReporter -->
<testsuite hostname="HMECL006000" failures="0" tests="10" name="io.github.happyusha.markuputils.CodeBlockMarkupTest" time="0.005" errors="0" timestamp="2024-03-20T21:38:10 IST" skipped="0">
  <testcase classname="io.github.happyusha.markuputils.CodeBlockMarkupTest" name="multipleCodeBlocks3" time="0.000"/>
  <system-out/>
  <testcase classname="io.github.happyusha.markuputils.CodeBlockMarkupTest" name="multipleCodeBlocks1" time="0.000"/>
  <system-out/>
  <testcase classname="io.github.happyusha.markuputils.CodeBlockMarkupTest" name="multipleCodeBlocks4" time="0.001"/>
  <system-out/>
  <testcase classname="io.github.happyusha.markuputils.CodeBlockMarkupTest" name="jsonCodeBlock" time="0.001"/>
  <system-out/>
  <testcase classname="io.github.happyusha.markuputils.CodeBlockMarkupTest" name="xmlCodeBlock" time="0.001"/>
  <system-out/>
  <testcase classname="io.github.happyusha.markuputils.CodeBlockMarkupTest" name="xmlCodeBlockWithLang" time="0.000"/>
  <system-out/>
  <testcase classname="io.github.happyusha.markuputils.CodeBlockMarkupTest" name="nullCodeBlockContent" time="0.000"/>
  <system-out/>
  <testcase classname="io.github.happyusha.markuputils.CodeBlockMarkupTest" name="multipleCodeBlocks2" time="0.000"/>
  <system-out/>
  <testcase classname="io.github.happyusha.markuputils.CodeBlockMarkupTest" name="jsonCodeBlockWithLang" time="0.001"/>
  <system-out/>
  <testcase classname="io.github.happyusha.markuputils.CodeBlockMarkupTest" name="jsonCodeBlockWithLangMultiple" time="0.001"/>
  <system-out/>
</testsuite> <!-- io.github.happyusha.markuputils.CodeBlockMarkupTest -->
