<?xml version="1.0" encoding="UTF-8"?>
<!-- Generated by org.testng.reporters.JUnitReportReporter -->
<testsuite hostname="HMECL006000" failures="0" tests="5" name="com.aventstack.extentreports.NaturalConfTest" time="1.525" errors="0" timestamp="2024-02-28T18:49:32 IST" skipped="0">
  <testcase classname="com.aventstack.extentreports.NaturalConfTest" name="useNaturalConfReport" time="0.512"/>
  <system-out/>
  <testcase classname="com.aventstack.extentreports.NaturalConfTest" name="useNaturalConfReportWithTimeChanged" time="0.000"/>
  <system-out/>
  <testcase classname="com.aventstack.extentreports.NaturalConfTest" name="useNaturalConfTestWithTimeChanged" time="0.001"/>
  <system-out/>
  <testcase classname="com.aventstack.extentreports.NaturalConfTest" name="useNaturalConfTest" time="0.507"/>
  <system-out/>
  <testcase classname="com.aventstack.extentreports.NaturalConfTest" name="useNaturalConfTestWithNodes" time="0.505"/>
  <system-out/>
</testsuite> <!-- com.aventstack.extentreports.NaturalConfTest -->
