<?xml version="1.0" encoding="UTF-8"?>
<!-- Generated by org.testng.reporters.JUnitReportReporter -->
<testsuite hostname="HMECL006000" failures="0" tests="5" name="com.aventstack.extentreports.AppenderTest" time="0.233" errors="0" timestamp="2024-02-28T18:49:32 IST" skipped="0">
  <testcase classname="com.aventstack.extentreports.AppenderTest" name="testWithChildren" time="0.018"/>
  <system-out/>
  <testcase classname="com.aventstack.extentreports.AppenderTest" name="children" time="0.168"/>
  <system-out/>
  <testcase classname="com.aventstack.extentreports.AppenderTest" name="testWithMediaBase64" time="0.008"/>
  <system-out/>
  <testcase classname="com.aventstack.extentreports.AppenderTest" name="testWithMedia" time="0.021"/>
  <system-out/>
  <testcase classname="com.aventstack.extentreports.AppenderTest" name="testWithLogs" time="0.018"/>
  <system-out/>
</testsuite> <!-- com.aventstack.extentreports.AppenderTest -->
