<?xml version="1.0" encoding="UTF-8"?>
<!-- Generated by org.testng.reporters.JUnitReportReporter -->
<testsuite hostname="HMECL006000" failures="0" tests="10" name="com.aventstack.extentreports.markuputils.ListTest" time="0.018" errors="0" timestamp="2024-02-28T18:49:32 IST" skipped="0">
  <testcase classname="com.aventstack.extentreports.markuputils.ListTest" name="unorderedListFromString" time="0.000"/>
  <system-out/>
  <testcase classname="com.aventstack.extentreports.markuputils.ListTest" name="unorderedListFromMap" time="0.001"/>
  <system-out/>
  <testcase classname="com.aventstack.extentreports.markuputils.ListTest" name="orderedListFromString" time="0.000"/>
  <system-out/>
  <testcase classname="com.aventstack.extentreports.markuputils.ListTest" name="orderedListFromSet" time="0.000"/>
  <system-out/>
  <testcase classname="com.aventstack.extentreports.markuputils.ListTest" name="orderedListFromList" time="0.000"/>
  <system-out/>
  <testcase classname="com.aventstack.extentreports.markuputils.ListTest" name="unorderedListFromList" time="0.000"/>
  <system-out/>
  <testcase classname="com.aventstack.extentreports.markuputils.ListTest" name="orderedListFromArray" time="0.007"/>
  <system-out/>
  <testcase classname="com.aventstack.extentreports.markuputils.ListTest" name="unorderedListFromArray" time="0.007"/>
  <system-out/>
  <testcase classname="com.aventstack.extentreports.markuputils.ListTest" name="orderedListFromMap" time="0.003"/>
  <system-out/>
  <testcase classname="com.aventstack.extentreports.markuputils.ListTest" name="unorderedListFromSet" time="0.000"/>
  <system-out/>
</testsuite> <!-- com.aventstack.extentreports.markuputils.ListTest -->
