<?xml version="1.0" encoding="UTF-8"?>
<!-- Generated by org.testng.reporters.JUnitReportReporter -->
<testsuite hostname="HMECL006000" failures="0" tests="3" name="com.aventstack.extentreports.model.context.NamedAttributeContextManagerTest" time="0.024" errors="0" timestamp="2024-03-05T10:55:56 IST" skipped="0">
  <testcase classname="com.aventstack.extentreports.model.context.NamedAttributeContextManagerTest" name="concurrentlyAssignedUsers" time="0.008"/>
  <system-out/>
  <testcase classname="com.aventstack.extentreports.model.context.NamedAttributeContextManagerTest" name="concurrentlyAssignedDevices" time="0.000"/>
  <system-out/>
  <testcase classname="com.aventstack.extentreports.model.context.NamedAttributeContextManagerTest" name="concurrentlyAssignedTags" time="0.016"/>
  <system-out/>
</testsuite> <!-- com.aventstack.extentreports.model.context.NamedAttributeContextManagerTest -->
