<?xml version="1.0" encoding="UTF-8"?>
<!-- Generated by org.testng.reporters.JUnitReportReporter -->
<testsuite hostname="HMECL006000" failures="0" tests="6" name="io.github.happyusha.ExtentTestAttributesTest" time="0.014" errors="0" timestamp="2024-03-20T21:38:10 IST" skipped="0">
  <testcase classname="io.github.happyusha.ExtentTestAttributesTest" name="extentTestWithAuthor" time="0.008"/>
  <system-out/>
  <testcase classname="io.github.happyusha.ExtentTestAttributesTest" name="extentTestWithNoAuthor" time="0.000"/>
  <system-out/>
  <testcase classname="io.github.happyusha.ExtentTestAttributesTest" name="extentTestWithNoDevice" time="0.000"/>
  <system-out/>
  <testcase classname="io.github.happyusha.ExtentTestAttributesTest" name="extentTestWithCategory" time="0.001"/>
  <system-out/>
  <testcase classname="io.github.happyusha.ExtentTestAttributesTest" name="extentTestWithNoCategory" time="0.004"/>
  <system-out/>
  <testcase classname="io.github.happyusha.ExtentTestAttributesTest" name="extentTestWithDevice" time="0.001"/>
  <system-out/>
</testsuite> <!-- io.github.happyusha.ExtentTestAttributesTest -->
