<?xml version="1.0" encoding="UTF-8"?>
<!-- Generated by org.testng.reporters.JUnitReportReporter -->
<testsuite hostname="HMECL006000" failures="0" tests="13" name="com.aventstack.extentreports.entity.ReportEntityTest" time="0.023" errors="0" timestamp="2024-02-28T18:49:32 IST" skipped="0">
  <testcase classname="com.aventstack.extentreports.entity.ReportEntityTest" name="authorCtx" time="0.007"/>
  <system-out/>
  <testcase classname="com.aventstack.extentreports.entity.ReportEntityTest" name="startAndEndTimesNonNullAtInit" time="0.000"/>
  <system-out/>
  <testcase classname="com.aventstack.extentreports.entity.ReportEntityTest" name="deviceCtx" time="0.001"/>
  <system-out/>
  <testcase classname="com.aventstack.extentreports.entity.ReportEntityTest" name="reportIsBDD" time="0.003"/>
  <system-out/>
  <testcase classname="com.aventstack.extentreports.entity.ReportEntityTest" name="reportTestHasStatus" time="0.001"/>
  <system-out/>
  <testcase classname="com.aventstack.extentreports.entity.ReportEntityTest" name="testsEmptyOnInit" time="0.001"/>
  <system-out/>
  <testcase classname="com.aventstack.extentreports.entity.ReportEntityTest" name="testRunnerLogs" time="0.001"/>
  <system-out/>
  <testcase classname="com.aventstack.extentreports.entity.ReportEntityTest" name="statsNonNullAtInit" time="0.000"/>
  <system-out/>
  <testcase classname="com.aventstack.extentreports.entity.ReportEntityTest" name="reportTestListSize" time="0.000"/>
  <system-out/>
  <testcase classname="com.aventstack.extentreports.entity.ReportEntityTest" name="timeTaken" time="0.000"/>
  <system-out/>
  <testcase classname="com.aventstack.extentreports.entity.ReportEntityTest" name="startIsPassOnInit" time="0.000"/>
  <system-out/>
  <testcase classname="com.aventstack.extentreports.entity.ReportEntityTest" name="exceptionContext" time="0.007"/>
  <system-out/>
  <testcase classname="com.aventstack.extentreports.entity.ReportEntityTest" name="categoryCtx" time="0.002"/>
  <system-out/>
</testsuite> <!-- com.aventstack.extentreports.entity.ReportEntityTest -->
