<?xml version="1.0" encoding="UTF-8"?>
<!-- Generated by org.testng.reporters.JUnitReportReporter -->
<testsuite hostname="HMECL006000" failures="0" tests="9" name="io.github.happyusha.markuputils.TableMarkupTest" time="0.026" errors="0" timestamp="2024-03-20T21:38:10 IST" skipped="0">
  <testcase classname="io.github.happyusha.markuputils.TableMarkupTest" name="tableWithPojoHeaders" time="0.000"/>
  <system-out/>
  <testcase classname="io.github.happyusha.markuputils.TableMarkupTest" name="tableWithPojoBeginningEndingTags" time="0.016"/>
  <system-out/>
  <testcase classname="io.github.happyusha.markuputils.TableMarkupTest" name="tableWithSingleSet" time="0.000"/>
  <system-out/>
  <testcase classname="io.github.happyusha.markuputils.TableMarkupTest" name="tableWithNullText" time="0.000"/>
  <system-out/>
  <testcase classname="io.github.happyusha.markuputils.TableMarkupTest" name="tableWithSingleList" time="0.000"/>
  <system-out/>
  <testcase classname="io.github.happyusha.markuputils.TableMarkupTest" name="tableWithSingleStringField" time="0.001"/>
  <system-out/>
  <testcase classname="io.github.happyusha.markuputils.TableMarkupTest" name="tableWithSingleArray" time="0.001"/>
  <system-out/>
  <testcase classname="io.github.happyusha.markuputils.TableMarkupTest" name="tableWithData" time="0.008"/>
  <system-out/>
  <testcase classname="io.github.happyusha.markuputils.TableMarkupTest" name="tableWithPojoCells" time="0.000"/>
  <system-out/>
</testsuite> <!-- io.github.happyusha.markuputils.TableMarkupTest -->
