<?xml version="1.0" encoding="UTF-8"?>
<!-- Generated by org.testng.reporters.JUnitReportReporter -->
<testsuite hostname="HMECL006000" failures="0" tests="18" name="com.aventstack.extentreports.ExtentTestMediaTest" time="0.015" errors="0" timestamp="2024-03-05T10:55:56 IST" skipped="0">
  <testcase classname="com.aventstack.extentreports.ExtentTestMediaTest" name="addScreenCaptureNullPathTestLog" time="0.000"/>
  <system-out/>
  <testcase classname="com.aventstack.extentreports.ExtentTestMediaTest" name="addScreenCaptureFromPathNodeLog" time="0.000"/>
  <system-out/>
  <testcase classname="com.aventstack.extentreports.ExtentTestMediaTest" name="addScreenCaptureFromPathTestLogOverloads" time="0.000"/>
  <system-out/>
  <testcase classname="com.aventstack.extentreports.ExtentTestMediaTest" name="addScreenCaptureFromNullPathTest" time="0.000"/>
  <system-out/>
  <testcase classname="com.aventstack.extentreports.ExtentTestMediaTest" name="addScreenCaptureFromPathTestLog" time="0.000"/>
  <system-out/>
  <testcase classname="com.aventstack.extentreports.ExtentTestMediaTest" name="addScreenCaptureFromBase64Node" time="0.000"/>
  <system-out/>
  <testcase classname="com.aventstack.extentreports.ExtentTestMediaTest" name="addScreenCaptureFromEmptyBase64Test" time="0.000"/>
  <system-out/>
  <testcase classname="com.aventstack.extentreports.ExtentTestMediaTest" name="addScreenCaptureFromPathTestOverloads" time="0.000"/>
  <system-out/>
  <testcase classname="com.aventstack.extentreports.ExtentTestMediaTest" name="addScreenCaptureFromPathTest" time="0.000"/>
  <system-out/>
  <testcase classname="com.aventstack.extentreports.ExtentTestMediaTest" name="addScreenCaptureFromBase64NodeLogOverloads" time="0.015"/>
  <system-out/>
  <testcase classname="com.aventstack.extentreports.ExtentTestMediaTest" name="addScreenCaptureEmptyPathTestLog" time="0.000"/>
  <system-out/>
  <testcase classname="com.aventstack.extentreports.ExtentTestMediaTest" name="addScreenCaptureFromBase64Test" time="0.000"/>
  <system-out/>
  <testcase classname="com.aventstack.extentreports.ExtentTestMediaTest" name="addScreenCaptureFromBase64TestLog" time="0.000"/>
  <system-out/>
  <testcase classname="com.aventstack.extentreports.ExtentTestMediaTest" name="addScreenCaptureFromNullBase64Test" time="0.000"/>
  <system-out/>
  <testcase classname="com.aventstack.extentreports.ExtentTestMediaTest" name="addScreenCaptureFromBase64NodeLog" time="0.000"/>
  <system-out/>
  <testcase classname="com.aventstack.extentreports.ExtentTestMediaTest" name="addScreenCaptureFromBase64NodeOverloads" time="0.000"/>
  <system-out/>
  <testcase classname="com.aventstack.extentreports.ExtentTestMediaTest" name="addScreenCaptureFromEmptyPathTest" time="0.000"/>
  <system-out/>
  <testcase classname="com.aventstack.extentreports.ExtentTestMediaTest" name="addScreenCaptureFromPathNode" time="0.000"/>
  <system-out/>
</testsuite> <!-- com.aventstack.extentreports.ExtentTestMediaTest -->
