<?xml version="1.0" encoding="UTF-8"?>
<!-- Generated by org.testng.reporters.JUnitReportReporter -->
<testsuite hostname="HMECL006000" failures="0" tests="10" name="io.github.happyusha.BddTypeTest" time="0.031" errors="0" timestamp="2024-03-20T21:38:10 IST" skipped="0">
  <testcase classname="io.github.happyusha.BddTypeTest" name="featureIsOfBddType" time="0.001"/>
  <system-out/>
  <testcase classname="io.github.happyusha.BddTypeTest" name="scenarioOutlineIsOfBddTypeWithBddChild" time="0.001"/>
  <system-out/>
  <testcase classname="io.github.happyusha.BddTypeTest" name="whenIsOfBddTypeWithBddChild" time="0.003"/>
  <system-out/>
  <testcase classname="io.github.happyusha.BddTypeTest" name="thenIsOfBddTypeWithBddChild" time="0.004"/>
  <system-out/>
  <testcase classname="io.github.happyusha.BddTypeTest" name="butIsOfBddTypeWithBddChild" time="0.004"/>
  <system-out/>
  <testcase classname="io.github.happyusha.BddTypeTest" name="backgroundIsOfBddTypeWithBddChild" time="0.003"/>
  <system-out/>
  <testcase classname="io.github.happyusha.BddTypeTest" name="givenIsOfBddTypeWithBddChild" time="0.004"/>
  <system-out/>
  <testcase classname="io.github.happyusha.BddTypeTest" name="asteriskIsOfBddTypeWithBddChild" time="0.003"/>
  <system-out/>
  <testcase classname="io.github.happyusha.BddTypeTest" name="andIsOfBddTypeWithBddChild" time="0.007"/>
  <system-out/>
  <testcase classname="io.github.happyusha.BddTypeTest" name="scenarioIsOfBddTypeWithBddChild" time="0.001"/>
  <system-out/>
</testsuite> <!-- io.github.happyusha.BddTypeTest -->
