<?xml version="1.0" encoding="UTF-8"?>
<!-- Generated by org.testng.reporters.JUnitReportReporter -->
<testsuite hostname="HMECL006000" failures="0" tests="18" name="io.github.happyusha.ExtentTestMediaTest" time="0.005" errors="0" timestamp="2024-03-20T21:38:10 IST" skipped="0">
  <testcase classname="io.github.happyusha.ExtentTestMediaTest" name="addScreenCaptureFromPathTestLog" time="0.000"/>
  <system-out/>
  <testcase classname="io.github.happyusha.ExtentTestMediaTest" name="addScreenCaptureNullPathTestLog" time="0.000"/>
  <system-out/>
  <testcase classname="io.github.happyusha.ExtentTestMediaTest" name="addScreenCaptureFromPathNodeLog" time="0.000"/>
  <system-out/>
  <testcase classname="io.github.happyusha.ExtentTestMediaTest" name="addScreenCaptureFromPathTestOverloads" time="0.000"/>
  <system-out/>
  <testcase classname="io.github.happyusha.ExtentTestMediaTest" name="addScreenCaptureFromBase64NodeLogOverloads" time="0.000"/>
  <system-out/>
  <testcase classname="io.github.happyusha.ExtentTestMediaTest" name="addScreenCaptureFromNullBase64Test" time="0.000"/>
  <system-out/>
  <testcase classname="io.github.happyusha.ExtentTestMediaTest" name="addScreenCaptureEmptyPathTestLog" time="0.001"/>
  <system-out/>
  <testcase classname="io.github.happyusha.ExtentTestMediaTest" name="addScreenCaptureFromPathTestLogOverloads" time="0.000"/>
  <system-out/>
  <testcase classname="io.github.happyusha.ExtentTestMediaTest" name="addScreenCaptureFromBase64Test" time="0.001"/>
  <system-out/>
  <testcase classname="io.github.happyusha.ExtentTestMediaTest" name="addScreenCaptureFromBase64NodeLog" time="0.000"/>
  <system-out/>
  <testcase classname="io.github.happyusha.ExtentTestMediaTest" name="addScreenCaptureFromEmptyBase64Test" time="0.000"/>
  <system-out/>
  <testcase classname="io.github.happyusha.ExtentTestMediaTest" name="addScreenCaptureFromEmptyPathTest" time="0.000"/>
  <system-out/>
  <testcase classname="io.github.happyusha.ExtentTestMediaTest" name="addScreenCaptureFromPathNode" time="0.000"/>
  <system-out/>
  <testcase classname="io.github.happyusha.ExtentTestMediaTest" name="addScreenCaptureFromBase64Node" time="0.000"/>
  <system-out/>
  <testcase classname="io.github.happyusha.ExtentTestMediaTest" name="addScreenCaptureFromBase64NodeOverloads" time="0.001"/>
  <system-out/>
  <testcase classname="io.github.happyusha.ExtentTestMediaTest" name="addScreenCaptureFromBase64TestLog" time="0.001"/>
  <system-out/>
  <testcase classname="io.github.happyusha.ExtentTestMediaTest" name="addScreenCaptureFromNullPathTest" time="0.001"/>
  <system-out/>
  <testcase classname="io.github.happyusha.ExtentTestMediaTest" name="addScreenCaptureFromPathTest" time="0.000"/>
  <system-out/>
</testsuite> <!-- io.github.happyusha.ExtentTestMediaTest -->
