<?xml version="1.0" encoding="UTF-8"?>
<!-- Generated by org.testng.reporters.JUnitReportReporter -->
<testsuite hostname="HMECL006000" failures="0" tests="3" name="io.github.happyusha.ExtentTestGeneratedLogTest" time="0.352" errors="0" timestamp="2024-03-20T21:38:10 IST" skipped="0">
  <testcase classname="io.github.happyusha.ExtentTestGeneratedLogTest" name="generatedLogDetails" time="0.000"/>
  <system-out/>
  <testcase classname="io.github.happyusha.ExtentTestGeneratedLogTest" name="generatedLogMarkup" time="0.350"/>
  <system-out/>
  <testcase classname="io.github.happyusha.ExtentTestGeneratedLogTest" name="generatedLogEmpty" time="0.002"/>
  <system-out/>
</testsuite> <!-- io.github.happyusha.ExtentTestGeneratedLogTest -->
