<?xml version="1.0" encoding="UTF-8"?>
<!-- Generated by org.testng.reporters.JUnitReportReporter -->
<testsuite hostname="HMECL006000" failures="0" tests="4" name="io.github.happyusha.reporter.FileReporterPathsTest" time="0.430" errors="0" timestamp="2024-03-20T21:38:10 IST" skipped="0">
  <testcase classname="io.github.happyusha.reporter.FileReporterPathsTest" name="jsonPathAsDirectory" time="0.014"/>
  <system-out/>
  <testcase classname="io.github.happyusha.reporter.FileReporterPathsTest" name="jsonPathAsFile" time="0.006"/>
  <system-out/>
  <testcase classname="io.github.happyusha.reporter.FileReporterPathsTest" name="sparkPathAsDirectory" time="0.318"/>
  <system-out/>
  <testcase classname="io.github.happyusha.reporter.FileReporterPathsTest" name="sparkPathAsFile" time="0.092"/>
  <system-out/>
</testsuite> <!-- io.github.happyusha.reporter.FileReporterPathsTest -->
