<?xml version="1.0" encoding="UTF-8"?>
<!-- Generated by org.testng.reporters.JUnitReportReporter -->
<testsuite hostname="HMECL006000" failures="0" tests="5" name="com.aventstack.extentreports.NaturalConfTest" time="1.532" errors="0" timestamp="2024-03-05T10:55:56 IST" skipped="0">
  <testcase classname="com.aventstack.extentreports.NaturalConfTest" name="useNaturalConfReport" time="0.512"/>
  <system-out/>
  <testcase classname="com.aventstack.extentreports.NaturalConfTest" name="useNaturalConfTestWithTimeChanged" time="0.000"/>
  <system-out/>
  <testcase classname="com.aventstack.extentreports.NaturalConfTest" name="useNaturalConfTestWithNodes" time="0.515"/>
  <system-out/>
  <testcase classname="com.aventstack.extentreports.NaturalConfTest" name="useNaturalConfReportWithTimeChanged" time="0.003"/>
  <system-out/>
  <testcase classname="com.aventstack.extentreports.NaturalConfTest" name="useNaturalConfTest" time="0.502"/>
  <system-out/>
</testsuite> <!-- com.aventstack.extentreports.NaturalConfTest -->
