<?xml version="1.0" encoding="UTF-8"?>
<!-- Generated by org.testng.reporters.JUnitReportReporter -->
<testsuite hostname="HMECL006000" failures="0" tests="7" name="io.github.happyusha.config.ConfigStoreTest" time="0.001" errors="0" timestamp="2024-03-20T21:38:10 IST" skipped="0">
  <testcase classname="io.github.happyusha.config.ConfigStoreTest" name="configValueTest" time="0.000"/>
  <system-out/>
  <testcase classname="io.github.happyusha.config.ConfigStoreTest" name="extendConfigWithMap" time="0.000"/>
  <system-out/>
  <testcase classname="io.github.happyusha.config.ConfigStoreTest" name="configEmpty" time="0.000"/>
  <system-out/>
  <testcase classname="io.github.happyusha.config.ConfigStoreTest" name="removeConfig" time="0.001"/>
  <system-out/>
  <testcase classname="io.github.happyusha.config.ConfigStoreTest" name="duplicateConfig" time="0.000"/>
  <system-out/>
  <testcase classname="io.github.happyusha.config.ConfigStoreTest" name="extendConfigWithStore" time="0.000"/>
  <system-out/>
  <testcase classname="io.github.happyusha.config.ConfigStoreTest" name="containsConfig" time="0.000"/>
  <system-out/>
</testsuite> <!-- io.github.happyusha.config.ConfigStoreTest -->
