<?xml version="1.0" encoding="UTF-8"?>
<!-- Generated by org.testng.reporters.JUnitReportReporter -->
<testsuite hostname="HMECL006000" failures="0" tests="2" name="com.aventstack.extentreports.config.external.JsonConfigLoaderTest" time="0.032" errors="0" timestamp="2024-03-05T10:55:56 IST" skipped="0">
  <testcase classname="com.aventstack.extentreports.config.external.JsonConfigLoaderTest" name="jsonConfigTest" time="0.000"/>
  <system-out/>
  <testcase classname="com.aventstack.extentreports.config.external.JsonConfigLoaderTest" name="jsonConfigLowerCaseEnumTest" time="0.032"/>
  <system-out/>
</testsuite> <!-- com.aventstack.extentreports.config.external.JsonConfigLoaderTest -->
