<?xml version="1.0" encoding="UTF-8"?>
<!-- Generated by org.testng.reporters.JUnitReportReporter -->
<testsuite hostname="HMECL006000" failures="0" tests="5" name="com.aventstack.extentreports.ExtentTestLogHierarchyTest" time="0.005" errors="0" timestamp="2024-02-28T18:49:32 IST" skipped="0">
  <testcase classname="com.aventstack.extentreports.ExtentTestLogHierarchyTest" name="overall" time="0.000"/>
  <system-out/>
  <testcase classname="com.aventstack.extentreports.ExtentTestLogHierarchyTest" name="skipped" time="0.003"/>
  <system-out/>
  <testcase classname="com.aventstack.extentreports.ExtentTestLogHierarchyTest" name="passed" time="0.000"/>
  <system-out/>
  <testcase classname="com.aventstack.extentreports.ExtentTestLogHierarchyTest" name="warning" time="0.001"/>
  <system-out/>
  <testcase classname="com.aventstack.extentreports.ExtentTestLogHierarchyTest" name="info" time="0.001"/>
  <system-out/>
</testsuite> <!-- com.aventstack.extentreports.ExtentTestLogHierarchyTest -->
