<?xml version="1.0" encoding="UTF-8"?>
<!-- Generated by org.testng.reporters.JUnitReportReporter -->
<testsuite hostname="HMECL006000" failures="0" tests="2" name="com.aventstack.extentreports.ExtentTestInvalidArgTest" time="0.000" errors="0" timestamp="2024-02-28T18:49:32 IST" skipped="0">
  <testcase classname="com.aventstack.extentreports.ExtentTestInvalidArgTest" name="extentTestWithNullName" time="0.000"/>
  <system-out/>
  <testcase classname="com.aventstack.extentreports.ExtentTestInvalidArgTest" name="extentTestWithEmptyName" time="0.000"/>
  <system-out/>
</testsuite> <!-- com.aventstack.extentreports.ExtentTestInvalidArgTest -->
