<?xml version="1.0" encoding="UTF-8"?>
<!-- Generated by org.testng.reporters.JUnitReportReporter -->
<testsuite hostname="HMECL006000" failures="0" tests="34" name="com.aventstack.extentreports.entity.TestEntityTest" time="0.033" errors="0" timestamp="2024-03-05T10:55:56 IST" skipped="0">
  <testcase classname="com.aventstack.extentreports.entity.TestEntityTest" name="addChildToTestLeaf" time="0.000"/>
  <system-out/>
  <testcase classname="com.aventstack.extentreports.entity.TestEntityTest" name="hasDevice" time="0.000"/>
  <system-out/>
  <testcase classname="com.aventstack.extentreports.entity.TestEntityTest" name="timeTakenPrettyWithLog" time="0.014"/>
  <system-out/>
  <testcase classname="com.aventstack.extentreports.entity.TestEntityTest" name="testHasAngLogWithLog" time="0.000"/>
  <system-out/>
  <testcase classname="com.aventstack.extentreports.entity.TestEntityTest" name="timeTaken" time="0.000"/>
  <system-out/>
  <testcase classname="com.aventstack.extentreports.entity.TestEntityTest" name="testStatusWithLog" time="0.000"/>
  <system-out/>
  <testcase classname="com.aventstack.extentreports.entity.TestEntityTest" name="hasScreenCapture" time="0.000"/>
  <system-out/>
  <testcase classname="com.aventstack.extentreports.entity.TestEntityTest" name="addChildToNullTest" time="0.000"/>
  <system-out/>
  <testcase classname="com.aventstack.extentreports.entity.TestEntityTest" name="hasAttributes" time="0.000"/>
  <system-out/>
  <testcase classname="com.aventstack.extentreports.entity.TestEntityTest" name="testFullName" time="0.007"/>
  <system-out/>
  <testcase classname="com.aventstack.extentreports.entity.TestEntityTest" name="testStatusWithLogStatusChanged" time="0.000"/>
  <system-out/>
  <testcase classname="com.aventstack.extentreports.entity.TestEntityTest" name="computeTestStatusNode" time="0.000"/>
  <system-out/>
  <testcase classname="com.aventstack.extentreports.entity.TestEntityTest" name="testHasChildren" time="0.000"/>
  <system-out/>
  <testcase classname="com.aventstack.extentreports.entity.TestEntityTest" name="computeTestStatusNoLog" time="0.000"/>
  <system-out/>
  <testcase classname="com.aventstack.extentreports.entity.TestEntityTest" name="computeTestStatusSkipAndFailLog" time="0.003"/>
  <system-out/>
  <testcase classname="com.aventstack.extentreports.entity.TestEntityTest" name="timeTakenPretty" time="0.000"/>
  <system-out/>
  <testcase classname="com.aventstack.extentreports.entity.TestEntityTest" name="ancestor" time="0.000"/>
  <system-out/>
  <testcase classname="com.aventstack.extentreports.entity.TestEntityTest" name="addFailLogToTest" time="0.000"/>
  <system-out/>
  <testcase classname="com.aventstack.extentreports.entity.TestEntityTest" name="addChildToTestLevel" time="0.000"/>
  <system-out/>
  <testcase classname="com.aventstack.extentreports.entity.TestEntityTest" name="addLogToTest" time="0.000"/>
  <system-out/>
  <testcase classname="com.aventstack.extentreports.entity.TestEntityTest" name="generatedLog" time="0.000"/>
  <system-out/>
  <testcase classname="com.aventstack.extentreports.entity.TestEntityTest" name="addNullLogToTest" time="0.000"/>
  <system-out/>
  <testcase classname="com.aventstack.extentreports.entity.TestEntityTest" name="testHasAngLogWithNoLogs" time="0.000"/>
  <system-out/>
  <testcase classname="com.aventstack.extentreports.entity.TestEntityTest" name="testEntities" time="0.000"/>
  <system-out/>
  <testcase classname="com.aventstack.extentreports.entity.TestEntityTest" name="hasAuthor" time="0.000"/>
  <system-out/>
  <testcase classname="com.aventstack.extentreports.entity.TestEntityTest" name="addSkipLogToTest" time="0.000"/>
  <system-out/>
  <testcase classname="com.aventstack.extentreports.entity.TestEntityTest" name="testStatusWithoutLog" time="0.000"/>
  <system-out/>
  <testcase classname="com.aventstack.extentreports.entity.TestEntityTest" name="logSeqIncrements" time="0.009"/>
  <system-out/>
  <testcase classname="com.aventstack.extentreports.entity.TestEntityTest" name="hasCategory" time="0.000"/>
  <system-out/>
  <testcase classname="com.aventstack.extentreports.entity.TestEntityTest" name="addChildToTest" time="0.000"/>
  <system-out/>
  <testcase classname="com.aventstack.extentreports.entity.TestEntityTest" name="testHasLog" time="0.000"/>
  <system-out/>
  <testcase classname="com.aventstack.extentreports.entity.TestEntityTest" name="computeTestStatusSkipLog" time="0.000"/>
  <system-out/>
  <testcase classname="com.aventstack.extentreports.entity.TestEntityTest" name="testHasAngLogWithGeneratedLog" time="0.000"/>
  <system-out/>
  <testcase classname="com.aventstack.extentreports.entity.TestEntityTest" name="isTestBDD" time="0.000"/>
  <system-out/>
</testsuite> <!-- com.aventstack.extentreports.entity.TestEntityTest -->
