<?xml version="1.0" encoding="UTF-8"?>
<!-- Generated by org.testng.reporters.JUnitReportReporter -->
<testsuite hostname="HMECL006000" failures="0" tests="2" name="com.aventstack.extentreports.config.external.XmlConfigLoaderTest" time="0.076" errors="0" timestamp="2024-02-28T18:49:32 IST" skipped="0">
  <testcase classname="com.aventstack.extentreports.config.external.XmlConfigLoaderTest" name="xmlConfigLowerCaseEnumTest" time="0.072"/>
  <system-out/>
  <testcase classname="com.aventstack.extentreports.config.external.XmlConfigLoaderTest" name="xmlConfigTest" time="0.004"/>
  <system-out/>
</testsuite> <!-- com.aventstack.extentreports.config.external.XmlConfigLoaderTest -->
