<?xml version="1.0" encoding="UTF-8"?>
<!-- Generated by org.testng.reporters.JUnitReportReporter -->
<testsuite hostname="HMECL006000" failures="0" tests="5" name="io.github.happyusha.reporter.SparkReporterConfigTest" time="0.014" errors="0" timestamp="2024-03-20T21:38:10 IST" skipped="0">
  <testcase classname="io.github.happyusha.reporter.SparkReporterConfigTest" name="loadXMLConfigPathTest" time="0.004"/>
  <system-out/>
  <testcase classname="io.github.happyusha.reporter.SparkReporterConfigTest" name="configTest" time="0.001"/>
  <system-out/>
  <testcase classname="io.github.happyusha.reporter.SparkReporterConfigTest" name="loadXMLConfigFileTest" time="0.005"/>
  <system-out/>
  <testcase classname="io.github.happyusha.reporter.SparkReporterConfigTest" name="loadJSONConfigStringTest" time="0.001"/>
  <system-out/>
  <testcase classname="io.github.happyusha.reporter.SparkReporterConfigTest" name="loadJSONConfigFileTest" time="0.003"/>
  <system-out/>
</testsuite> <!-- io.github.happyusha.reporter.SparkReporterConfigTest -->
