<?xml version="1.0" encoding="UTF-8"?>
<!-- Generated by org.testng.reporters.JUnitReportReporter -->
<testsuite hostname="HMECL006000" failures="0" tests="1" name="io.github.happyusha.TestIdsTest" time="0.013" errors="0" timestamp="2024-03-20T21:38:10 IST" skipped="0">
  <testcase classname="io.github.happyusha.TestIdsTest" name="verifyAllStartedTestsHaveUniqueIds" time="0.013"/>
  <system-out/>
</testsuite> <!-- io.github.happyusha.TestIdsTest -->
