<?xml version="1.0" encoding="UTF-8"?>
<!-- Generated by org.testng.reporters.JUnitReportReporter -->
<testsuite hostname="HMECL006000" failures="0" tests="2" name="io.github.happyusha.config.external.XmlConfigLoaderTest" time="0.104" errors="0" timestamp="2024-03-20T21:38:10 IST" skipped="0">
  <testcase classname="io.github.happyusha.config.external.XmlConfigLoaderTest" name="xmlConfigLowerCaseEnumTest" time="0.098"/>
  <system-out/>
  <testcase classname="io.github.happyusha.config.external.XmlConfigLoaderTest" name="xmlConfigTest" time="0.006"/>
  <system-out/>
</testsuite> <!-- io.github.happyusha.config.external.XmlConfigLoaderTest -->
