<?xml version="1.0" encoding="UTF-8"?>
<!-- Generated by org.testng.reporters.JUnitReportReporter -->
<testsuite hostname="HMECL006000" failures="0" tests="1" name="com.aventstack.extentreports.entity.service.ExceptionInfoServiceTest" time="0.000" errors="0" timestamp="2024-03-05T10:55:56 IST" skipped="0">
  <testcase classname="com.aventstack.extentreports.entity.service.ExceptionInfoServiceTest" name="exceptionInfo" time="0.000"/>
  <system-out/>
</testsuite> <!-- com.aventstack.extentreports.entity.service.ExceptionInfoServiceTest -->
