<?xml version="1.0" encoding="UTF-8"?>
<!-- Generated by org.testng.reporters.JUnitReportReporter -->
<testsuite hostname="HMECL006000" failures="0" tests="10" name="io.github.happyusha.markuputils.ListTest" time="0.030" errors="0" timestamp="2024-03-20T21:38:10 IST" skipped="0">
  <testcase classname="io.github.happyusha.markuputils.ListTest" name="orderedListFromSet" time="0.000"/>
  <system-out/>
  <testcase classname="io.github.happyusha.markuputils.ListTest" name="unorderedListFromString" time="0.001"/>
  <system-out/>
  <testcase classname="io.github.happyusha.markuputils.ListTest" name="orderedListFromList" time="0.000"/>
  <system-out/>
  <testcase classname="io.github.happyusha.markuputils.ListTest" name="unorderedListFromMap" time="0.003"/>
  <system-out/>
  <testcase classname="io.github.happyusha.markuputils.ListTest" name="orderedListFromString" time="0.000"/>
  <system-out/>
  <testcase classname="io.github.happyusha.markuputils.ListTest" name="orderedListFromMap" time="0.005"/>
  <system-out/>
  <testcase classname="io.github.happyusha.markuputils.ListTest" name="orderedListFromArray" time="0.014"/>
  <system-out/>
  <testcase classname="io.github.happyusha.markuputils.ListTest" name="unorderedListFromList" time="0.000"/>
  <system-out/>
  <testcase classname="io.github.happyusha.markuputils.ListTest" name="unorderedListFromArray" time="0.007"/>
  <system-out/>
  <testcase classname="io.github.happyusha.markuputils.ListTest" name="unorderedListFromSet" time="0.000"/>
  <system-out/>
</testsuite> <!-- io.github.happyusha.markuputils.ListTest -->
