<?xml version="1.0" encoding="UTF-8"?>
<!-- Generated by org.testng.reporters.JUnitReportReporter -->
<testsuite hostname="HMECL006000" failures="0" tests="32" name="io.github.happyusha.ExtentTestLogTest" time="0.022" errors="0" timestamp="2024-03-20T21:38:10 IST" skipped="0">
  <testcase classname="io.github.happyusha.ExtentTestLogTest" name="skipThrowableMedia" time="0.001"/>
  <system-out/>
  <testcase classname="io.github.happyusha.ExtentTestLogTest" name="logThrowableMedia" time="0.001"/>
  <system-out/>
  <testcase classname="io.github.happyusha.ExtentTestLogTest" name="passMarkup" time="0.000"/>
  <system-out/>
  <testcase classname="io.github.happyusha.ExtentTestLogTest" name="passThrowable" time="0.001"/>
  <system-out/>
  <testcase classname="io.github.happyusha.ExtentTestLogTest" name="infoMarkup" time="0.000"/>
  <system-out/>
  <testcase classname="io.github.happyusha.ExtentTestLogTest" name="logMarkup" time="0.000"/>
  <system-out/>
  <testcase classname="io.github.happyusha.ExtentTestLogTest" name="logDetails" time="0.000"/>
  <system-out/>
  <testcase classname="io.github.happyusha.ExtentTestLogTest" name="skipDetails" time="0.001"/>
  <system-out/>
  <testcase classname="io.github.happyusha.ExtentTestLogTest" name="logWithStatusNull" time="0.000"/>
  <system-out/>
  <testcase classname="io.github.happyusha.ExtentTestLogTest" name="failDetails" time="0.000"/>
  <system-out/>
  <testcase classname="io.github.happyusha.ExtentTestLogTest" name="passThrowableMedia" time="0.001"/>
  <system-out/>
  <testcase classname="io.github.happyusha.ExtentTestLogTest" name="logDetailsMedia" time="0.000"/>
  <system-out/>
  <testcase classname="io.github.happyusha.ExtentTestLogTest" name="warnMedia" time="0.000"/>
  <system-out/>
  <testcase classname="io.github.happyusha.ExtentTestLogTest" name="skipThrowable" time="0.001"/>
  <system-out/>
  <testcase classname="io.github.happyusha.ExtentTestLogTest" name="failMedia" time="0.000"/>
  <system-out/>
  <testcase classname="io.github.happyusha.ExtentTestLogTest" name="skipMedia" time="0.001"/>
  <system-out/>
  <testcase classname="io.github.happyusha.ExtentTestLogTest" name="logMedia" time="0.001"/>
  <system-out/>
  <testcase classname="io.github.happyusha.ExtentTestLogTest" name="passDetails" time="0.000"/>
  <system-out/>
  <testcase classname="io.github.happyusha.ExtentTestLogTest" name="infoDetails" time="0.000"/>
  <system-out/>
  <testcase classname="io.github.happyusha.ExtentTestLogTest" name="failThrowable" time="0.001"/>
  <system-out/>
  <testcase classname="io.github.happyusha.ExtentTestLogTest" name="warnThrowable" time="0.001"/>
  <system-out/>
  <testcase classname="io.github.happyusha.ExtentTestLogTest" name="warnMarkup" time="0.001"/>
  <system-out/>
  <testcase classname="io.github.happyusha.ExtentTestLogTest" name="warnDetails" time="0.000"/>
  <system-out/>
  <testcase classname="io.github.happyusha.ExtentTestLogTest" name="infoThrowable" time="0.002"/>
  <system-out/>
  <testcase classname="io.github.happyusha.ExtentTestLogTest" name="skipMarkup" time="0.001"/>
  <system-out/>
  <testcase classname="io.github.happyusha.ExtentTestLogTest" name="infoThrowableMedia" time="0.001"/>
  <system-out/>
  <testcase classname="io.github.happyusha.ExtentTestLogTest" name="failMarkup" time="0.002"/>
  <system-out/>
  <testcase classname="io.github.happyusha.ExtentTestLogTest" name="failThrowableMedia" time="0.001"/>
  <system-out/>
  <testcase classname="io.github.happyusha.ExtentTestLogTest" name="infoMedia" time="0.000"/>
  <system-out/>
  <testcase classname="io.github.happyusha.ExtentTestLogTest" name="passMedia" time="0.001"/>
  <system-out/>
  <testcase classname="io.github.happyusha.ExtentTestLogTest" name="logThrowable" time="0.002"/>
  <system-out/>
  <testcase classname="io.github.happyusha.ExtentTestLogTest" name="warnThrowableMedia" time="0.001"/>
  <system-out/>
</testsuite> <!-- io.github.happyusha.ExtentTestLogTest -->
