<?xml version="1.0" encoding="UTF-8"?>
<!-- Generated by org.testng.reporters.JUnitReportReporter -->
<testsuite hostname="HMECL006000" failures="0" tests="5" name="io.github.happyusha.AppenderTest" time="0.373" errors="0" timestamp="2024-03-20T21:38:10 IST" skipped="0">
  <testcase classname="io.github.happyusha.AppenderTest" name="testWithChildren" time="0.020"/>
  <system-out/>
  <testcase classname="io.github.happyusha.AppenderTest" name="testWithMediaBase64" time="0.010"/>
  <system-out/>
  <testcase classname="io.github.happyusha.AppenderTest" name="children" time="0.286"/>
  <system-out/>
  <testcase classname="io.github.happyusha.AppenderTest" name="testWithLogs" time="0.021"/>
  <system-out/>
  <testcase classname="io.github.happyusha.AppenderTest" name="testWithMedia" time="0.036"/>
  <system-out/>
</testsuite> <!-- io.github.happyusha.AppenderTest -->
