<?xml version="1.0" encoding="UTF-8"?>
<!-- Generated by org.testng.reporters.JUnitReportReporter -->
<testsuite hostname="HMECL006000" failures="0" tests="9" name="com.aventstack.extentreports.reporter.SparkReporterTest" time="0.615" errors="0" timestamp="2024-03-05T10:55:56 IST" skipped="0">
  <testcase classname="com.aventstack.extentreports.reporter.SparkReporterTest" name="statusFilterable" time="0.060"/>
  <system-out/>
  <testcase classname="com.aventstack.extentreports.reporter.SparkReporterTest" name="statusFilterableNode" time="0.074"/>
  <system-out/>
  <testcase classname="com.aventstack.extentreports.reporter.SparkReporterTest" name="createsReportWithNoTestsInitPath" time="0.047"/>
  <system-out/>
  <testcase classname="com.aventstack.extentreports.reporter.SparkReporterTest" name="reportContainsTestsAndNodesUsers" time="0.063"/>
  <system-out/>
  <testcase classname="com.aventstack.extentreports.reporter.SparkReporterTest" name="reportContainsTestsAndNodesDevices" time="0.064"/>
  <system-out/>
  <testcase classname="com.aventstack.extentreports.reporter.SparkReporterTest" name="reportContainsTestsAndNodesTags" time="0.063"/>
  <system-out/>
  <testcase classname="com.aventstack.extentreports.reporter.SparkReporterTest" name="reportContainsTestsAndNodes" time="0.047"/>
  <system-out/>
  <testcase classname="com.aventstack.extentreports.reporter.SparkReporterTest" name="sparkOffline" time="0.134"/>
  <system-out/>
  <testcase classname="com.aventstack.extentreports.reporter.SparkReporterTest" name="createsReportWithNoTestsInitFile" time="0.063"/>
  <system-out/>
</testsuite> <!-- com.aventstack.extentreports.reporter.SparkReporterTest -->
