<?xml version="1.0" encoding="UTF-8"?>
<!-- Generated by org.testng.reporters.JUnitReportReporter -->
<testsuite hostname="HMECL006000" failures="0" tests="13" name="io.github.happyusha.entity.ReportEntityTest" time="0.054" errors="0" timestamp="2024-03-20T21:38:10 IST" skipped="0">
  <testcase classname="io.github.happyusha.entity.ReportEntityTest" name="categoryCtx" time="0.005"/>
  <system-out/>
  <testcase classname="io.github.happyusha.entity.ReportEntityTest" name="reportIsBDD" time="0.005"/>
  <system-out/>
  <testcase classname="io.github.happyusha.entity.ReportEntityTest" name="testsEmptyOnInit" time="0.001"/>
  <system-out/>
  <testcase classname="io.github.happyusha.entity.ReportEntityTest" name="statsNonNullAtInit" time="0.000"/>
  <system-out/>
  <testcase classname="io.github.happyusha.entity.ReportEntityTest" name="reportTestListSize" time="0.000"/>
  <system-out/>
  <testcase classname="io.github.happyusha.entity.ReportEntityTest" name="timeTaken" time="0.000"/>
  <system-out/>
  <testcase classname="io.github.happyusha.entity.ReportEntityTest" name="testRunnerLogs" time="0.002"/>
  <system-out/>
  <testcase classname="io.github.happyusha.entity.ReportEntityTest" name="reportTestHasStatus" time="0.002"/>
  <system-out/>
  <testcase classname="io.github.happyusha.entity.ReportEntityTest" name="authorCtx" time="0.018"/>
  <system-out/>
  <testcase classname="io.github.happyusha.entity.ReportEntityTest" name="exceptionContext" time="0.016"/>
  <system-out/>
  <testcase classname="io.github.happyusha.entity.ReportEntityTest" name="startAndEndTimesNonNullAtInit" time="0.000"/>
  <system-out/>
  <testcase classname="io.github.happyusha.entity.ReportEntityTest" name="deviceCtx" time="0.003"/>
  <system-out/>
  <testcase classname="io.github.happyusha.entity.ReportEntityTest" name="startIsPassOnInit" time="0.002"/>
  <system-out/>
</testsuite> <!-- io.github.happyusha.entity.ReportEntityTest -->
