<?xml version="1.0" encoding="UTF-8"?>
<!-- Generated by org.testng.reporters.JUnitReportReporter -->
<testsuite hostname="HMECL006000" failures="0" tests="2" name="com.aventstack.extentreports.reporter.SparkTagTest" time="0.252" errors="0" timestamp="2024-02-28T18:49:32 IST" skipped="0">
  <testcase classname="com.aventstack.extentreports.reporter.SparkTagTest" name="nodeTag" time="0.126"/>
  <system-out/>
  <testcase classname="com.aventstack.extentreports.reporter.SparkTagTest" name="testTag" time="0.126"/>
  <system-out/>
</testsuite> <!-- com.aventstack.extentreports.reporter.SparkTagTest -->
