<?xml version="1.0" encoding="UTF-8"?>
<!-- Generated by org.testng.reporters.JUnitReportReporter -->
<testsuite hostname="HMECL006000" failures="0" tests="2" name="io.github.happyusha.config.external.JsonConfigLoaderTest" time="0.047" errors="0" timestamp="2024-03-20T21:38:10 IST" skipped="0">
  <testcase classname="io.github.happyusha.config.external.JsonConfigLoaderTest" name="jsonConfigLowerCaseEnumTest" time="0.044"/>
  <system-out/>
  <testcase classname="io.github.happyusha.config.external.JsonConfigLoaderTest" name="jsonConfigTest" time="0.003"/>
  <system-out/>
</testsuite> <!-- io.github.happyusha.config.external.JsonConfigLoaderTest -->
