<?xml version="1.0" encoding="UTF-8"?>
<!-- Generated by org.testng.reporters.JUnitReportReporter -->
<testsuite hostname="HMECL006000" failures="0" tests="3" name="io.github.happyusha.reporter.SparkReporterFilterTest" time="0.299" errors="0" timestamp="2024-03-20T21:38:10 IST" skipped="0">
  <testcase classname="io.github.happyusha.reporter.SparkReporterFilterTest" name="singleStatusFilterTestAllFiltered" time="0.099"/>
  <system-out/>
  <testcase classname="io.github.happyusha.reporter.SparkReporterFilterTest" name="singleStatusFilterTestOneFiltered" time="0.100"/>
  <system-out/>
  <testcase classname="io.github.happyusha.reporter.SparkReporterFilterTest" name="singleStatusFilterTestSomeFiltered" time="0.100"/>
  <system-out/>
</testsuite> <!-- io.github.happyusha.reporter.SparkReporterFilterTest -->
