<?xml version="1.0" encoding="UTF-8"?>
<!-- Generated by org.testng.reporters.JUnitReportReporter -->
<testsuite hostname="HMECL006000" failures="0" tests="4" name="com.aventstack.extentreports.ParallelTest" time="2.809" errors="0" timestamp="2024-02-28T18:49:32 IST" skipped="0">
  <testcase classname="com.aventstack.extentreports.ParallelTest" name="parallelLogs" time="2.563"/>
  <system-out/>
  <testcase classname="com.aventstack.extentreports.ParallelTest" name="parallelFlush" time="0.008"/>
  <system-out/>
  <testcase classname="com.aventstack.extentreports.ParallelTest" name="parallelTests" time="0.060"/>
  <system-out/>
  <testcase classname="com.aventstack.extentreports.ParallelTest" name="parallelTestsWithReporter" time="0.178"/>
  <system-out/>
</testsuite> <!-- com.aventstack.extentreports.ParallelTest -->
