<?xml version="1.0" encoding="UTF-8"?>
<!-- Generated by org.testng.reporters.JUnitReportReporter -->
<testsuite hostname="HMECL006000" failures="0" tests="2" name="com.aventstack.extentreports.config.external.JsonConfigLoaderTest" time="0.022" errors="0" timestamp="2024-02-28T18:49:32 IST" skipped="0">
  <testcase classname="com.aventstack.extentreports.config.external.JsonConfigLoaderTest" name="jsonConfigLowerCaseEnumTest" time="0.019"/>
  <system-out/>
  <testcase classname="com.aventstack.extentreports.config.external.JsonConfigLoaderTest" name="jsonConfigTest" time="0.003"/>
  <system-out/>
</testsuite> <!-- com.aventstack.extentreports.config.external.JsonConfigLoaderTest -->
