<?xml version="1.0" encoding="UTF-8"?>
<!-- Generated by org.testng.reporters.JUnitReportReporter -->
<testsuite hostname="HMECL006000" failures="0" tests="34" name="io.github.happyusha.entity.TestEntityTest" time="0.031" errors="0" timestamp="2024-03-20T21:38:10 IST" skipped="0">
  <testcase classname="io.github.happyusha.entity.TestEntityTest" name="addFailLogToTest" time="0.000"/>
  <system-out/>
  <testcase classname="io.github.happyusha.entity.TestEntityTest" name="hasScreenCapture" time="0.001"/>
  <system-out/>
  <testcase classname="io.github.happyusha.entity.TestEntityTest" name="testHasChildren" time="0.000"/>
  <system-out/>
  <testcase classname="io.github.happyusha.entity.TestEntityTest" name="timeTakenPrettyWithLog" time="0.017"/>
  <system-out/>
  <testcase classname="io.github.happyusha.entity.TestEntityTest" name="testStatusWithoutLog" time="0.000"/>
  <system-out/>
  <testcase classname="io.github.happyusha.entity.TestEntityTest" name="logSeqIncrements" time="0.000"/>
  <system-out/>
  <testcase classname="io.github.happyusha.entity.TestEntityTest" name="addChildToTestLeaf" time="0.000"/>
  <system-out/>
  <testcase classname="io.github.happyusha.entity.TestEntityTest" name="hasCategory" time="0.000"/>
  <system-out/>
  <testcase classname="io.github.happyusha.entity.TestEntityTest" name="testHasAngLogWithLog" time="0.001"/>
  <system-out/>
  <testcase classname="io.github.happyusha.entity.TestEntityTest" name="timeTaken" time="0.000"/>
  <system-out/>
  <testcase classname="io.github.happyusha.entity.TestEntityTest" name="computeTestStatusSkipLog" time="0.000"/>
  <system-out/>
  <testcase classname="io.github.happyusha.entity.TestEntityTest" name="addChildToTest" time="0.001"/>
  <system-out/>
  <testcase classname="io.github.happyusha.entity.TestEntityTest" name="testStatusWithLog" time="0.000"/>
  <system-out/>
  <testcase classname="io.github.happyusha.entity.TestEntityTest" name="computeTestStatusSkipAndFailLog" time="0.001"/>
  <system-out/>
  <testcase classname="io.github.happyusha.entity.TestEntityTest" name="addChildToNullTest" time="0.002"/>
  <system-out/>
  <testcase classname="io.github.happyusha.entity.TestEntityTest" name="generatedLog" time="0.000"/>
  <system-out/>
  <testcase classname="io.github.happyusha.entity.TestEntityTest" name="computeTestStatusNode" time="0.001"/>
  <system-out/>
  <testcase classname="io.github.happyusha.entity.TestEntityTest" name="addNullLogToTest" time="0.001"/>
  <system-out/>
  <testcase classname="io.github.happyusha.entity.TestEntityTest" name="addLogToTest" time="0.001"/>
  <system-out/>
  <testcase classname="io.github.happyusha.entity.TestEntityTest" name="addSkipLogToTest" time="0.000"/>
  <system-out/>
  <testcase classname="io.github.happyusha.entity.TestEntityTest" name="hasAuthor" time="0.001"/>
  <system-out/>
  <testcase classname="io.github.happyusha.entity.TestEntityTest" name="ancestor" time="0.001"/>
  <system-out/>
  <testcase classname="io.github.happyusha.entity.TestEntityTest" name="testHasLog" time="0.001"/>
  <system-out/>
  <testcase classname="io.github.happyusha.entity.TestEntityTest" name="testHasAngLogWithGeneratedLog" time="0.000"/>
  <system-out/>
  <testcase classname="io.github.happyusha.entity.TestEntityTest" name="isTestBDD" time="0.000"/>
  <system-out/>
  <testcase classname="io.github.happyusha.entity.TestEntityTest" name="hasDevice" time="0.000"/>
  <system-out/>
  <testcase classname="io.github.happyusha.entity.TestEntityTest" name="computeTestStatusNoLog" time="0.000"/>
  <system-out/>
  <testcase classname="io.github.happyusha.entity.TestEntityTest" name="timeTakenPretty" time="0.000"/>
  <system-out/>
  <testcase classname="io.github.happyusha.entity.TestEntityTest" name="testFullName" time="0.001"/>
  <system-out/>
  <testcase classname="io.github.happyusha.entity.TestEntityTest" name="addChildToTestLevel" time="0.001"/>
  <system-out/>
  <testcase classname="io.github.happyusha.entity.TestEntityTest" name="testStatusWithLogStatusChanged" time="0.000"/>
  <system-out/>
  <testcase classname="io.github.happyusha.entity.TestEntityTest" name="hasAttributes" time="0.000"/>
  <system-out/>
  <testcase classname="io.github.happyusha.entity.TestEntityTest" name="testHasAngLogWithNoLogs" time="0.000"/>
  <system-out/>
  <testcase classname="io.github.happyusha.entity.TestEntityTest" name="testEntities" time="0.000"/>
  <system-out/>
</testsuite> <!-- io.github.happyusha.entity.TestEntityTest -->
