<?xml version="1.0" encoding="UTF-8"?>
<!-- Generated by org.testng.reporters.JUnitReportReporter -->
<testsuite hostname="HMECL006000" failures="0" tests="2" name="com.aventstack.extentreports.reporter.JsonFormatterStandardTest" time="0.039" errors="0" timestamp="2024-03-05T10:55:56 IST" skipped="0">
  <testcase classname="com.aventstack.extentreports.reporter.JsonFormatterStandardTest" name="supportsThrowable" time="0.021"/>
  <system-out/>
  <testcase classname="com.aventstack.extentreports.reporter.JsonFormatterStandardTest" name="writeRead" time="0.018"/>
  <system-out/>
</testsuite> <!-- com.aventstack.extentreports.reporter.JsonFormatterStandardTest -->
