<?xml version="1.0" encoding="UTF-8"?>
<!-- Generated by org.testng.reporters.JUnitReportReporter -->
<testsuite hostname="HMECL006000" failures="0" tests="7" name="com.aventstack.extentreports.config.ConfigStoreTest" time="0.002" errors="0" timestamp="2024-02-28T18:49:32 IST" skipped="0">
  <testcase classname="com.aventstack.extentreports.config.ConfigStoreTest" name="extendConfigWithMap" time="0.001"/>
  <system-out/>
  <testcase classname="com.aventstack.extentreports.config.ConfigStoreTest" name="containsConfig" time="0.001"/>
  <system-out/>
  <testcase classname="com.aventstack.extentreports.config.ConfigStoreTest" name="configValueTest" time="0.000"/>
  <system-out/>
  <testcase classname="com.aventstack.extentreports.config.ConfigStoreTest" name="removeConfig" time="0.000"/>
  <system-out/>
  <testcase classname="com.aventstack.extentreports.config.ConfigStoreTest" name="duplicateConfig" time="0.000"/>
  <system-out/>
  <testcase classname="com.aventstack.extentreports.config.ConfigStoreTest" name="extendConfigWithStore" time="0.000"/>
  <system-out/>
  <testcase classname="com.aventstack.extentreports.config.ConfigStoreTest" name="configEmpty" time="0.000"/>
  <system-out/>
</testsuite> <!-- com.aventstack.extentreports.config.ConfigStoreTest -->
