<?xml version="1.0" encoding="UTF-8"?>
<!-- Generated by org.testng.reporters.JUnitReportReporter -->
<testsuite hostname="HMECL006000" failures="0" tests="5" name="com.aventstack.extentreports.AppenderTest" time="0.296" errors="0" timestamp="2024-03-05T10:55:56 IST" skipped="0">
  <testcase classname="com.aventstack.extentreports.AppenderTest" name="testWithMediaBase64" time="0.005"/>
  <system-out/>
  <testcase classname="com.aventstack.extentreports.AppenderTest" name="testWithLogs" time="0.015"/>
  <system-out/>
  <testcase classname="com.aventstack.extentreports.AppenderTest" name="testWithChildren" time="0.024"/>
  <system-out/>
  <testcase classname="com.aventstack.extentreports.AppenderTest" name="testWithMedia" time="0.016"/>
  <system-out/>
  <testcase classname="com.aventstack.extentreports.AppenderTest" name="children" time="0.236"/>
  <system-out/>
</testsuite> <!-- com.aventstack.extentreports.AppenderTest -->
