<?xml version="1.0" encoding="UTF-8"?>
<!-- Generated by org.testng.reporters.JUnitReportReporter -->
<testsuite hostname="HMECL006000" failures="0" tests="15" name="com.aventstack.extentreports.entity.service.TestServiceTest" time="0.047" errors="0" timestamp="2024-02-28T18:49:32 IST" skipped="0">
  <testcase classname="com.aventstack.extentreports.entity.service.TestServiceTest" name="testHasScreenCaptureDeepNodeLog" time="0.002"/>
  <system-out/>
  <testcase classname="com.aventstack.extentreports.entity.service.TestServiceTest" name="testWithNullBddType" time="0.000"/>
  <system-out/>
  <testcase classname="com.aventstack.extentreports.entity.service.TestServiceTest" name="testWithBddTypeGherkinKeyword" time="0.030"/>
  <system-out/>
  <testcase classname="com.aventstack.extentreports.entity.service.TestServiceTest" name="testWithNullDescription" time="0.000"/>
  <system-out/>
  <testcase classname="com.aventstack.extentreports.entity.service.TestServiceTest" name="deleteTest" time="0.001"/>
  <system-out/>
  <testcase classname="com.aventstack.extentreports.entity.service.TestServiceTest" name="testHasScreenCaptureDeepLog" time="0.006"/>
  <system-out/>
  <testcase classname="com.aventstack.extentreports.entity.service.TestServiceTest" name="deleteNode" time="0.001"/>
  <system-out/>
  <testcase classname="com.aventstack.extentreports.entity.service.TestServiceTest" name="testWithNullName2" time="0.000"/>
  <system-out/>
  <testcase classname="com.aventstack.extentreports.entity.service.TestServiceTest" name="testWithDescription" time="0.000"/>
  <system-out/>
  <testcase classname="com.aventstack.extentreports.entity.service.TestServiceTest" name="testHasScreenCaptureDeepNode" time="0.006"/>
  <system-out/>
  <testcase classname="com.aventstack.extentreports.entity.service.TestServiceTest" name="testWithEmptyName" time="0.000"/>
  <system-out/>
  <testcase classname="com.aventstack.extentreports.entity.service.TestServiceTest" name="testWithEmptyName2" time="0.000"/>
  <system-out/>
  <testcase classname="com.aventstack.extentreports.entity.service.TestServiceTest" name="testWithBddType" time="0.001"/>
  <system-out/>
  <testcase classname="com.aventstack.extentreports.entity.service.TestServiceTest" name="testWithEmptyDescription" time="0.000"/>
  <system-out/>
  <testcase classname="com.aventstack.extentreports.entity.service.TestServiceTest" name="testWithNullName" time="0.000"/>
  <system-out/>
</testsuite> <!-- com.aventstack.extentreports.entity.service.TestServiceTest -->
