<?xml version="1.0" encoding="UTF-8"?>
<!-- Generated by org.testng.reporters.JUnitReportReporter -->
<testsuite hostname="HMECL006000" failures="0" tests="3" name="io.github.happyusha.model.context.NamedAttributeContextManagerTest" time="0.023" errors="0" timestamp="2024-03-20T21:38:10 IST" skipped="0">
  <testcase classname="io.github.happyusha.model.context.NamedAttributeContextManagerTest" name="concurrentlyAssignedDevices" time="0.010"/>
  <system-out/>
  <testcase classname="io.github.happyusha.model.context.NamedAttributeContextManagerTest" name="concurrentlyAssignedTags" time="0.006"/>
  <system-out/>
  <testcase classname="io.github.happyusha.model.context.NamedAttributeContextManagerTest" name="concurrentlyAssignedUsers" time="0.007"/>
  <system-out/>
</testsuite> <!-- io.github.happyusha.model.context.NamedAttributeContextManagerTest -->
