<?xml version="1.0" encoding="UTF-8"?>
<!-- Generated by org.testng.reporters.JUnitReportReporter -->
<testsuite hostname="HMECL006000" failures="0" tests="12" name="io.github.happyusha.entity.TestEntityInitTest" time="0.001" errors="0" timestamp="2024-03-20T21:38:10 IST" skipped="0">
  <testcase classname="io.github.happyusha.entity.TestEntityInitTest" name="testId1OrGreaterOnInit" time="0.000"/>
  <system-out/>
  <testcase classname="io.github.happyusha.entity.TestEntityInitTest" name="levelIs0OnInit" time="0.000"/>
  <system-out/>
  <testcase classname="io.github.happyusha.entity.TestEntityInitTest" name="testIsLeafOnInit" time="0.000"/>
  <system-out/>
  <testcase classname="io.github.happyusha.entity.TestEntityInitTest" name="parentNullOnInit" time="0.000"/>
  <system-out/>
  <testcase classname="io.github.happyusha.entity.TestEntityInitTest" name="descriptionNullOnInit" time="0.000"/>
  <system-out/>
  <testcase classname="io.github.happyusha.entity.TestEntityInitTest" name="startIsPassOnInit" time="0.000"/>
  <system-out/>
  <testcase classname="io.github.happyusha.entity.TestEntityInitTest" name="authorsEmptyOnInit" time="0.000"/>
  <system-out/>
  <testcase classname="io.github.happyusha.entity.TestEntityInitTest" name="startAndEndTimesNonNullAtInit" time="0.000"/>
  <system-out/>
  <testcase classname="io.github.happyusha.entity.TestEntityInitTest" name="logsEmptyOnInit" time="0.000"/>
  <system-out/>
  <testcase classname="io.github.happyusha.entity.TestEntityInitTest" name="devicesEmptyOnInit" time="0.000"/>
  <system-out/>
  <testcase classname="io.github.happyusha.entity.TestEntityInitTest" name="childrenEmptyOnInit" time="0.001"/>
  <system-out/>
  <testcase classname="io.github.happyusha.entity.TestEntityInitTest" name="tagEmptyOnInit" time="0.000"/>
  <system-out/>
</testsuite> <!-- io.github.happyusha.entity.TestEntityInitTest -->
