<?xml version="1.0" encoding="UTF-8"?>
<!-- Generated by org.testng.reporters.JUnitReportReporter -->
<testsuite hostname="HMECL006000" failures="0" tests="3" name="com.aventstack.extentreports.reporter.SparkReporterFilterTest" time="0.237" errors="0" timestamp="2024-03-05T10:55:56 IST" skipped="0">
  <testcase classname="com.aventstack.extentreports.reporter.SparkReporterFilterTest" name="singleStatusFilterTestAllFiltered" time="0.095"/>
  <system-out/>
  <testcase classname="com.aventstack.extentreports.reporter.SparkReporterFilterTest" name="singleStatusFilterTestOneFiltered" time="0.080"/>
  <system-out/>
  <testcase classname="com.aventstack.extentreports.reporter.SparkReporterFilterTest" name="singleStatusFilterTestSomeFiltered" time="0.062"/>
  <system-out/>
</testsuite> <!-- com.aventstack.extentreports.reporter.SparkReporterFilterTest -->
