<?xml version="1.0" encoding="UTF-8"?>
<!-- Generated by org.testng.reporters.JUnitReportReporter -->
<testsuite hostname="HMECL006000" failures="0" tests="10" name="com.aventstack.extentreports.BddTypeTest" time="0.022" errors="0" timestamp="2024-03-05T10:55:56 IST" skipped="0">
  <testcase classname="com.aventstack.extentreports.BddTypeTest" name="asteriskIsOfBddTypeWithBddChild" time="0.015"/>
  <system-out/>
  <testcase classname="com.aventstack.extentreports.BddTypeTest" name="whenIsOfBddTypeWithBddChild" time="0.000"/>
  <system-out/>
  <testcase classname="com.aventstack.extentreports.BddTypeTest" name="featureIsOfBddType" time="0.000"/>
  <system-out/>
  <testcase classname="com.aventstack.extentreports.BddTypeTest" name="scenarioIsOfBddTypeWithBddChild" time="0.000"/>
  <system-out/>
  <testcase classname="com.aventstack.extentreports.BddTypeTest" name="givenIsOfBddTypeWithBddChild" time="0.000"/>
  <system-out/>
  <testcase classname="com.aventstack.extentreports.BddTypeTest" name="andIsOfBddTypeWithBddChild" time="0.000"/>
  <system-out/>
  <testcase classname="com.aventstack.extentreports.BddTypeTest" name="thenIsOfBddTypeWithBddChild" time="0.000"/>
  <system-out/>
  <testcase classname="com.aventstack.extentreports.BddTypeTest" name="backgroundIsOfBddTypeWithBddChild" time="0.004"/>
  <system-out/>
  <testcase classname="com.aventstack.extentreports.BddTypeTest" name="scenarioOutlineIsOfBddTypeWithBddChild" time="0.001"/>
  <system-out/>
  <testcase classname="com.aventstack.extentreports.BddTypeTest" name="butIsOfBddTypeWithBddChild" time="0.002"/>
  <system-out/>
</testsuite> <!-- com.aventstack.extentreports.BddTypeTest -->
