<?xml version="1.0" encoding="UTF-8"?>
<!-- Generated by org.testng.reporters.JUnitReportReporter -->
<testsuite hostname="HMECL006000" failures="0" tests="2" name="io.github.happyusha.ExtentTestInvalidArgTest" time="0.001" errors="0" timestamp="2024-03-20T21:38:10 IST" skipped="0">
  <testcase classname="io.github.happyusha.ExtentTestInvalidArgTest" name="extentTestWithEmptyName" time="0.000"/>
  <system-out/>
  <testcase classname="io.github.happyusha.ExtentTestInvalidArgTest" name="extentTestWithNullName" time="0.001"/>
  <system-out/>
</testsuite> <!-- io.github.happyusha.ExtentTestInvalidArgTest -->
