<?xml version="1.0" encoding="UTF-8"?>
<!-- Generated by org.testng.reporters.JUnitReportReporter -->
<testsuite hostname="HMECL006000" failures="0" tests="4" name="com.aventstack.extentreports.ParallelTest" time="1.767" errors="0" timestamp="2024-03-05T10:55:56 IST" skipped="0">
  <testcase classname="com.aventstack.extentreports.ParallelTest" name="parallelTestsWithReporter" time="0.079"/>
  <system-out/>
  <testcase classname="com.aventstack.extentreports.ParallelTest" name="parallelTests" time="0.034"/>
  <system-out/>
  <testcase classname="com.aventstack.extentreports.ParallelTest" name="parallelLogs" time="1.654"/>
  <system-out/>
  <testcase classname="com.aventstack.extentreports.ParallelTest" name="parallelFlush" time="0.000"/>
  <system-out/>
</testsuite> <!-- com.aventstack.extentreports.ParallelTest -->
