<?xml version="1.0" encoding="UTF-8"?>
<!-- Generated by org.testng.reporters.JUnitReportReporter -->
<testsuite hostname="HMECL006000" failures="0" tests="10" name="com.aventstack.extentreports.entity.LogEntityTest" time="0.011" errors="0" timestamp="2024-03-05T10:55:56 IST" skipped="0">
  <testcase classname="com.aventstack.extentreports.entity.LogEntityTest" name="mediaEmptyOnInit" time="0.000"/>
  <system-out/>
  <testcase classname="com.aventstack.extentreports.entity.LogEntityTest" name="exceptionsEmptyOnInit" time="0.011"/>
  <system-out/>
  <testcase classname="com.aventstack.extentreports.entity.LogEntityTest" name="changedStatus" time="0.000"/>
  <system-out/>
  <testcase classname="com.aventstack.extentreports.entity.LogEntityTest" name="addMediaWithResolvedPathToLog" time="0.000"/>
  <system-out/>
  <testcase classname="com.aventstack.extentreports.entity.LogEntityTest" name="addMediaDefault" time="0.000"/>
  <system-out/>
  <testcase classname="com.aventstack.extentreports.entity.LogEntityTest" name="addMediaWithPathToLog" time="0.000"/>
  <system-out/>
  <testcase classname="com.aventstack.extentreports.entity.LogEntityTest" name="detailsNullOnInit" time="0.000"/>
  <system-out/>
  <testcase classname="com.aventstack.extentreports.entity.LogEntityTest" name="timestampNonNullOnInit" time="0.000"/>
  <system-out/>
  <testcase classname="com.aventstack.extentreports.entity.LogEntityTest" name="defaultStatusBuilder" time="0.000"/>
  <system-out/>
  <testcase classname="com.aventstack.extentreports.entity.LogEntityTest" name="seqNegOnInit" time="0.000"/>
  <system-out/>
</testsuite> <!-- com.aventstack.extentreports.entity.LogEntityTest -->
