<?xml version="1.0" encoding="UTF-8"?>
<!-- Generated by org.testng.reporters.JUnitReportReporter -->
<testsuite hostname="HMECL006000" failures="0" tests="3" name="io.github.happyusha.markuputils.LabelMarkupTest" time="0.013" errors="0" timestamp="2024-03-20T21:38:10 IST" skipped="0">
  <testcase classname="io.github.happyusha.markuputils.LabelMarkupTest" name="labelWithText" time="0.004"/>
  <system-out/>
  <testcase classname="io.github.happyusha.markuputils.LabelMarkupTest" name="labelWithEmptyText" time="0.008"/>
  <system-out/>
  <testcase classname="io.github.happyusha.markuputils.LabelMarkupTest" name="labelWithNullText" time="0.001"/>
  <system-out/>
</testsuite> <!-- io.github.happyusha.markuputils.LabelMarkupTest -->
