<?xml version="1.0" encoding="UTF-8"?>
<!-- Generated by org.testng.reporters.JUnitReportReporter -->
<testsuite hostname="HMECL006000" failures="0" tests="2" name="io.github.happyusha.reporter.JsonFormatterBDDTest" time="0.042" errors="0" timestamp="2024-03-20T21:38:10 IST" skipped="0">
  <testcase classname="io.github.happyusha.reporter.JsonFormatterBDDTest" name="writeRead" time="0.015"/>
  <system-out/>
  <testcase classname="io.github.happyusha.reporter.JsonFormatterBDDTest" name="supportsThrowable" time="0.027"/>
  <system-out/>
</testsuite> <!-- io.github.happyusha.reporter.JsonFormatterBDDTest -->
