<?xml version="1.0" encoding="UTF-8"?>
<!-- Generated by org.testng.reporters.JUnitReportReporter -->
<testsuite hostname="HMECL006000" failures="0" tests="1" name="com.aventstack.extentreports.TestIdsTest" time="0.016" errors="0" timestamp="2024-03-05T10:55:56 IST" skipped="0">
  <testcase classname="com.aventstack.extentreports.TestIdsTest" name="verifyAllStartedTestsHaveUniqueIds" time="0.016"/>
  <system-out/>
</testsuite> <!-- com.aventstack.extentreports.TestIdsTest -->
