<?xml version="1.0" encoding="UTF-8"?>
<!-- Generated by org.testng.reporters.JUnitReportReporter -->
<testsuite hostname="HMECL006000" failures="0" tests="7" name="io.github.happyusha.ExtentTestNodeTest" time="0.116" errors="0" timestamp="2024-03-20T21:38:10 IST" skipped="0">
  <testcase classname="io.github.happyusha.ExtentTestNodeTest" name="createNodeOverloadTypeNameDesc" time="0.000"/>
  <system-out/>
  <testcase classname="io.github.happyusha.ExtentTestNodeTest" name="createNodeOverloadKeywordName" time="0.000"/>
  <system-out/>
  <testcase classname="io.github.happyusha.ExtentTestNodeTest" name="createNodeOverloadNameDesc" time="0.000"/>
  <system-out/>
  <testcase classname="io.github.happyusha.ExtentTestNodeTest" name="createNodeOverloadTypeName" time="0.000"/>
  <system-out/>
  <testcase classname="io.github.happyusha.ExtentTestNodeTest" name="timeCalcNodes" time="0.115"/>
  <system-out/>
  <testcase classname="io.github.happyusha.ExtentTestNodeTest" name="createNodeOverloadName" time="0.000"/>
  <system-out/>
  <testcase classname="io.github.happyusha.ExtentTestNodeTest" name="createNodeOverloadKeywordNameDesc" time="0.001"/>
  <system-out/>
</testsuite> <!-- io.github.happyusha.ExtentTestNodeTest -->
