<?xml version="1.0" encoding="UTF-8"?>
<!-- Generated by org.testng.reporters.JUnitReportReporter -->
<testsuite hostname="HMECL006000" failures="0" tests="3" name="com.aventstack.extentreports.ExtentTestGeneratedLogTest" time="0.238" errors="0" timestamp="2024-03-05T10:55:56 IST" skipped="0">
  <testcase classname="com.aventstack.extentreports.ExtentTestGeneratedLogTest" name="generatedLogEmpty" time="0.000"/>
  <system-out/>
  <testcase classname="com.aventstack.extentreports.ExtentTestGeneratedLogTest" name="generatedLogDetails" time="0.000"/>
  <system-out/>
  <testcase classname="com.aventstack.extentreports.ExtentTestGeneratedLogTest" name="generatedLogMarkup" time="0.238"/>
  <system-out/>
</testsuite> <!-- com.aventstack.extentreports.ExtentTestGeneratedLogTest -->
