<?xml version="1.0" encoding="UTF-8"?>
<!-- Generated by org.testng.reporters.JUnitReportReporter -->
<testsuite hostname="HMECL006000" failures="0" tests="3" name="com.aventstack.extentreports.entity.ReportStatsConcurrentTest" time="0.095" errors="0" timestamp="2024-03-05T10:55:56 IST" skipped="0">
  <testcase classname="com.aventstack.extentreports.entity.ReportStatsConcurrentTest" name="concurrentAddRemoveUpdateFlush" time="0.029"/>
  <system-out/>
  <testcase classname="com.aventstack.extentreports.entity.ReportStatsConcurrentTest" name="concurrentAddModifyUpdateFlush" time="0.047"/>
  <system-out/>
  <testcase classname="com.aventstack.extentreports.entity.ReportStatsConcurrentTest" name="concurrentAddUpdateFlush" time="0.019"/>
  <system-out/>
</testsuite> <!-- com.aventstack.extentreports.entity.ReportStatsConcurrentTest -->
