<?xml version="1.0" encoding="UTF-8"?>
<!-- Generated by org.testng.reporters.JUnitReportReporter -->
<testsuite hostname="HMECL006000" failures="0" tests="9" name="com.aventstack.extentreports.reporter.SparkReporterTest" time="1.330" errors="0" timestamp="2024-02-28T18:49:32 IST" skipped="0">
  <testcase classname="com.aventstack.extentreports.reporter.SparkReporterTest" name="reportContainsTestsAndNodesDevices" time="0.137"/>
  <system-out/>
  <testcase classname="com.aventstack.extentreports.reporter.SparkReporterTest" name="reportContainsTestsAndNodesUsers" time="0.127"/>
  <system-out/>
  <testcase classname="com.aventstack.extentreports.reporter.SparkReporterTest" name="reportContainsTestsAndNodes" time="0.138"/>
  <system-out/>
  <testcase classname="com.aventstack.extentreports.reporter.SparkReporterTest" name="statusFilterableNode" time="0.142"/>
  <system-out/>
  <testcase classname="com.aventstack.extentreports.reporter.SparkReporterTest" name="createsReportWithNoTestsInitFile" time="0.118"/>
  <system-out/>
  <testcase classname="com.aventstack.extentreports.reporter.SparkReporterTest" name="createsReportWithNoTestsInitPath" time="0.114"/>
  <system-out/>
  <testcase classname="com.aventstack.extentreports.reporter.SparkReporterTest" name="sparkOffline" time="0.284"/>
  <system-out/>
  <testcase classname="com.aventstack.extentreports.reporter.SparkReporterTest" name="reportContainsTestsAndNodesTags" time="0.127"/>
  <system-out/>
  <testcase classname="com.aventstack.extentreports.reporter.SparkReporterTest" name="statusFilterable" time="0.143"/>
  <system-out/>
</testsuite> <!-- com.aventstack.extentreports.reporter.SparkReporterTest -->
