<?xml version="1.0" encoding="UTF-8"?>
<!-- Generated by org.testng.reporters.JUnitReportReporter -->
<testsuite hostname="HMECL006000" failures="0" tests="9" name="com.aventstack.extentreports.markuputils.TableMarkupTest" time="0.019" errors="0" timestamp="2024-02-28T18:49:32 IST" skipped="0">
  <testcase classname="com.aventstack.extentreports.markuputils.TableMarkupTest" name="tableWithPojoCells" time="0.001"/>
  <system-out/>
  <testcase classname="com.aventstack.extentreports.markuputils.TableMarkupTest" name="tableWithSingleSet" time="0.001"/>
  <system-out/>
  <testcase classname="com.aventstack.extentreports.markuputils.TableMarkupTest" name="tableWithSingleList" time="0.000"/>
  <system-out/>
  <testcase classname="com.aventstack.extentreports.markuputils.TableMarkupTest" name="tableWithSingleStringField" time="0.002"/>
  <system-out/>
  <testcase classname="com.aventstack.extentreports.markuputils.TableMarkupTest" name="tableWithNullText" time="0.001"/>
  <system-out/>
  <testcase classname="com.aventstack.extentreports.markuputils.TableMarkupTest" name="tableWithData" time="0.004"/>
  <system-out/>
  <testcase classname="com.aventstack.extentreports.markuputils.TableMarkupTest" name="tableWithPojoHeaders" time="0.000"/>
  <system-out/>
  <testcase classname="com.aventstack.extentreports.markuputils.TableMarkupTest" name="tableWithSingleArray" time="0.000"/>
  <system-out/>
  <testcase classname="com.aventstack.extentreports.markuputils.TableMarkupTest" name="tableWithPojoBeginningEndingTags" time="0.010"/>
  <system-out/>
</testsuite> <!-- com.aventstack.extentreports.markuputils.TableMarkupTest -->
