<?xml version="1.0" encoding="UTF-8"?>
<!-- Generated by org.testng.reporters.JUnitReportReporter -->
<testsuite hostname="HMECL006000" failures="0" tests="3" name="com.aventstack.extentreports.gherkin.GherkinKeywordTest" time="0.015" errors="0" timestamp="2024-02-28T18:49:32 IST" skipped="0">
  <testcase classname="com.aventstack.extentreports.gherkin.GherkinKeywordTest" name="testEnglishGherkinKeywords" time="0.001"/>
  <system-out/>
  <testcase classname="com.aventstack.extentreports.gherkin.GherkinKeywordTest" name="testMixedGherkinKeywords" time="0.007"/>
  <system-out/>
  <testcase classname="com.aventstack.extentreports.gherkin.GherkinKeywordTest" name="testGermanGherkinKeywords" time="0.007"/>
  <system-out/>
</testsuite> <!-- com.aventstack.extentreports.gherkin.GherkinKeywordTest -->
