<?xml version="1.0" encoding="UTF-8"?>
<!-- Generated by org.testng.reporters.JUnitReportReporter -->
<testsuite hostname="HMECL006000" failures="0" tests="3" name="io.github.happyusha.gherkin.GherkinKeywordTest" time="0.013" errors="0" timestamp="2024-03-20T21:38:10 IST" skipped="0">
  <testcase classname="io.github.happyusha.gherkin.GherkinKeywordTest" name="testEnglishGherkinKeywords" time="0.001"/>
  <system-out/>
  <testcase classname="io.github.happyusha.gherkin.GherkinKeywordTest" name="testGermanGherkinKeywords" time="0.004"/>
  <system-out/>
  <testcase classname="io.github.happyusha.gherkin.GherkinKeywordTest" name="testMixedGherkinKeywords" time="0.008"/>
  <system-out/>
</testsuite> <!-- io.github.happyusha.gherkin.GherkinKeywordTest -->
